#-----------------------------------------------------------
# Vivado v2023.1 (64-bit)
# SW Build 3865809 on Sun May  7 15:05:29 MDT 2023
# IP Build 3864474 on Sun May  7 20:36:21 MDT 2023
# SharedData Build 3865790 on Sun May 07 13:33:03 MDT 2023
# Start of session at: Fri Apr 10 14:15:36 2026
# Process ID: 5696
# Current directory: D:/Projects/parking_system
# Command line: vivado.exe -gui_launcher_event rodinguilauncherevent10908 D:\Projects\parking_system\parking_system.xpr
# Log file: D:/Projects/parking_system/vivado.log
# Journal file: D:/Projects/parking_system\vivado.jou
# Running On: Paraffin-Bluff, OS: Windows, CPU Frequency: 2803 MHz, CPU Physical cores: 4, Host memory: 16859 MB
#-----------------------------------------------------------
start_gui
open_project D:/Projects/parking_system/parking_system.xpr
WARNING: [Board 49-26] cannot add Board Part xilinx.com:kc705:part0:1.6 available at E:/vivado/Vivado/2023.1/data/xhub/boards/XilinxBoardStore/boards/Xilinx/kc705/1.6/board.xml as part xc7k325tffg900-2 specified in board_part file is either invalid or not available
WARNING: [Board 49-26] cannot add Board Part xilinx.com:kcu105:part0:1.6 available at E:/vivado/Vivado/2023.1/data/xhub/boards/XilinxBoardStore/boards/Xilinx/kcu105/1.6/board.xml as part xcku040-ffva1156-2-e specified in board_part file is either invalid or not available
WARNING: [Board 49-26] cannot add Board Part xilinx.com:kcu105:part0:1.7 available at E:/vivado/Vivado/2023.1/data/xhub/boards/XilinxBoardStore/boards/Xilinx/kcu105/1.7/board.xml as part xcku040-ffva1156-2-e specified in board_part file is either invalid or not available
WARNING: [Board 49-26] cannot add Board Part xilinx.com:kcu116:part0:1.4 available at E:/vivado/Vivado/2023.1/data/xhub/boards/XilinxBoardStore/boards/Xilinx/kcu116/1.4/board.xml as part xcku5p-ffvb676-2-e specified in board_part file is either invalid or not available
WARNING: [Board 49-26] cannot add Board Part xilinx.com:kcu116:part0:1.5 available at E:/vivado/Vivado/2023.1/data/xhub/boards/XilinxBoardStore/boards/Xilinx/kcu116/1.5/board.xml as part xcku5p-ffvb676-2-e specified in board_part file is either invalid or not available
WARNING: [Board 49-26] cannot add Board Part xilinx.com:kcu1500:part0:1.2 available at E:/vivado/Vivado/2023.1/data/xhub/boards/XilinxBoardStore/boards/Xilinx/kcu1500/1.2/board.xml as part xcku115-flvb2104-2-e specified in board_part file is either invalid or not available
WARNING: [Board 49-26] cannot add Board Part xilinx.com:sp701:part0:1.0 available at E:/vivado/Vivado/2023.1/data/xhub/boards/XilinxBoardStore/boards/Xilinx/sp701/1.0/board.xml as part xc7s100fgga676-2 specified in board_part file is either invalid or not available
WARNING: [Board 49-26] cannot add Board Part xilinx.com:sp701:part0:1.1 available at E:/vivado/Vivado/2023.1/data/xhub/boards/XilinxBoardStore/boards/Xilinx/sp701/1.1/board.xml as part xc7s100fgga676-2 specified in board_part file is either invalid or not available
WARNING: [Board 49-26] cannot add Board Part xilinx.com:vc707:part0:1.4 available at E:/vivado/Vivado/2023.1/data/xhub/boards/XilinxBoardStore/boards/Xilinx/vc707/1.4/board.xml as part xc7vx485tffg1761-2 specified in board_part file is either invalid or not available
WARNING: [Board 49-26] cannot add Board Part xilinx.com:vc709:part0:1.8 available at E:/vivado/Vivado/2023.1/data/xhub/boards/XilinxBoardStore/boards/Xilinx/vc709/1.8/board.xml as part xc7vx690tffg1761-2 specified in board_part file is either invalid or not available
WARNING: [Board 49-26] cannot add Board Part xilinx.com:vck190:part0:2.2 available at E:/vivado/Vivado/2023.1/data/xhub/boards/XilinxBoardStore/boards/Xilinx/vck190/production/2.2/board.xml as part xcvc1902-vsva2197-2mp-e-s specified in board_part file is either invalid or not available
WARNING: [Board 49-26] cannot add Board Part xilinx.com:vck190:part0:3.0 available at E:/vivado/Vivado/2023.1/data/xhub/boards/XilinxBoardStore/boards/Xilinx/vck190/production/3.0/board.xml as part xcvc1902-vsva2197-2mp-e-s specified in board_part file is either invalid or not available
WARNING: [Board 49-26] cannot add Board Part xilinx.com:vck190:part0:3.1 available at E:/vivado/Vivado/2023.1/data/xhub/boards/XilinxBoardStore/boards/Xilinx/vck190/production/3.1/board.xml as part xcvc1902-vsva2197-2mp-e-s specified in board_part file is either invalid or not available
WARNING: [Board 49-26] cannot add Board Part xilinx.com:vck190:part0:3.2 available at E:/vivado/Vivado/2023.1/data/xhub/boards/XilinxBoardStore/boards/Xilinx/vck190/production/3.2/board.xml as part xcvc1902-vsva2197-2mp-e-s specified in board_part file is either invalid or not available
WARNING: [Board 49-26] cannot add Board Part xilinx.com:vck190_newl:part0:1.0 available at E:/vivado/Vivado/2023.1/data/xhub/boards/XilinxBoardStore/boards/Xilinx/vck190_newl/production/1.0/board.xml as part xcvc1902-vsva2197-2mp-e-s specified in board_part file is either invalid or not available
WARNING: [Board 49-26] cannot add Board Part xilinx.com:vck190_newl:part0:1.1 available at E:/vivado/Vivado/2023.1/data/xhub/boards/XilinxBoardStore/boards/Xilinx/vck190_newl/production/1.1/board.xml as part xcvc1902-vsva2197-2mp-e-s specified in board_part file is either invalid or not available
WARNING: [Board 49-26] cannot add Board Part xilinx.com:vcu108:part0:1.6 available at E:/vivado/Vivado/2023.1/data/xhub/boards/XilinxBoardStore/boards/Xilinx/vcu108/1.6/board.xml as part xcvu095-ffva2104-2-e specified in board_part file is either invalid or not available
WARNING: [Board 49-26] cannot add Board Part xilinx.com:vcu108:part0:1.7 available at E:/vivado/Vivado/2023.1/data/xhub/boards/XilinxBoardStore/boards/Xilinx/vcu108/1.7/board.xml as part xcvu095-ffva2104-2-e specified in board_part file is either invalid or not available
WARNING: [Board 49-26] cannot add Board Part xilinx.com:vcu110:part0:1.4 available at E:/vivado/Vivado/2023.1/data/xhub/boards/XilinxBoardStore/boards/Xilinx/vcu110/1.4/board.xml as part xcvu190-flgc2104-2-e specified in board_part file is either invalid or not available
WARNING: [Board 49-26] cannot add Board Part xilinx.com:vcu118:part0:2.0 available at E:/vivado/Vivado/2023.1/data/xhub/boards/XilinxBoardStore/boards/Xilinx/vcu118/2.0/board.xml as part xcvu9p-flga2104-2l-e specified in board_part file is either invalid or not available
WARNING: [Board 49-26] cannot add Board Part xilinx.com:vcu118:part0:2.3 available at E:/vivado/Vivado/2023.1/data/xhub/boards/XilinxBoardStore/boards/Xilinx/vcu118/2.3/board.xml as part xcvu9p-flga2104-2l-e specified in board_part file is either invalid or not available
WARNING: [Board 49-26] cannot add Board Part xilinx.com:vcu118:part0:2.4 available at E:/vivado/Vivado/2023.1/data/xhub/boards/XilinxBoardStore/boards/Xilinx/vcu118/2.4/board.xml as part xcvu9p-flga2104-2l-e specified in board_part file is either invalid or not available
WARNING: [Board 49-26] cannot add Board Part xilinx.com:vcu128:part0:1.0 available at E:/vivado/Vivado/2023.1/data/xhub/boards/XilinxBoardStore/boards/Xilinx/vcu128/production/1.0/board.xml as part xcvu37p-fsvh2892-2l-e specified in board_part file is either invalid or not available
WARNING: [Board 49-26] cannot add Board Part xilinx.com:vcu129:part0:1.0 available at E:/vivado/Vivado/2023.1/data/xhub/boards/XilinxBoardStore/boards/Xilinx/vcu129/production/1.0/board.xml as part xcvu29p-fsga2577-2l-e specified in board_part file is either invalid or not available
WARNING: [Board 49-26] cannot add Board Part xilinx.com:vcu1525:part0:1.3 available at E:/vivado/Vivado/2023.1/data/xhub/boards/XilinxBoardStore/boards/Xilinx/vcu1525/1.3/board.xml as part xcvu9p-fsgd2104-2l-e specified in board_part file is either invalid or not available
WARNING: [Board 49-26] cannot add Board Part xilinx.com:vek280_es:part0:1.0 available at E:/vivado/Vivado/2023.1/data/xhub/boards/XilinxBoardStore/boards/Xilinx/vek280/es/rev_a/1.0/board.xml as part xcve2802-vsvh1760-2lp-e-s-es1 specified in board_part file is either invalid or not available
WARNING: [Board 49-26] cannot add Board Part xilinx.com:vek280_es:part0:1.1 available at E:/vivado/Vivado/2023.1/data/xhub/boards/XilinxBoardStore/boards/Xilinx/vek280/es/rev_a/1.1/board.xml as part xcve2802-vsvh1760-2lp-e-s-es1 specified in board_part file is either invalid or not available
WARNING: [Board 49-26] cannot add Board Part xilinx.com:vek280_es_revb:part0:1.0 available at E:/vivado/Vivado/2023.1/data/xhub/boards/XilinxBoardStore/boards/Xilinx/vek280/es/rev_b/1.0/board.xml as part xcve2802-vsvh1760-2mp-e-s-es1 specified in board_part file is either invalid or not available
WARNING: [Board 49-26] cannot add Board Part xilinx.com:vek280_es_revb:part0:1.1 available at E:/vivado/Vivado/2023.1/data/xhub/boards/XilinxBoardStore/boards/Xilinx/vek280/es/rev_b/1.1/board.xml as part xcve2802-vsvh1760-2mp-e-s-es1 specified in board_part file is either invalid or not available
WARNING: [Board 49-26] cannot add Board Part xilinx.com:vermeo_t1_mpsoc:part0:1.0 available at E:/vivado/Vivado/2023.1/data/xhub/boards/XilinxBoardStore/boards/Xilinx/vermeo_t1_mpsoc/1.0/board.xml as part xczu19eg-ffvd1760-2l-e specified in board_part file is either invalid or not available
WARNING: [Board 49-26] cannot add Board Part xilinx.com:vermeo_t1_rfsoc:part0:1.0 available at E:/vivado/Vivado/2023.1/data/xhub/boards/XilinxBoardStore/boards/Xilinx/vermeo_t1_rfsoc/1.0/board.xml as part xczu21dr-ffvd1156-2l-e specified in board_part file is either invalid or not available
WARNING: [Board 49-26] cannot add Board Part xilinx.com:vhk158:part0:1.0 available at E:/vivado/Vivado/2023.1/data/xhub/boards/XilinxBoardStore/boards/Xilinx/vhk158/production/1.0/board.xml as part xcvh1582-vsva3697-2mp-e-s specified in board_part file is either invalid or not available
WARNING: [Board 49-26] cannot add Board Part xilinx.com:vhk158_es:part0:1.0 available at E:/vivado/Vivado/2023.1/data/xhub/boards/XilinxBoardStore/boards/Xilinx/vhk158/es/1.0/board.xml as part xcvh1582-vsva3697-2mp-e-s-es1 specified in board_part file is either invalid or not available
WARNING: [Board 49-26] cannot add Board Part xilinx.com:vhk158_es:part0:1.1 available at E:/vivado/Vivado/2023.1/data/xhub/boards/XilinxBoardStore/boards/Xilinx/vhk158/es/1.1/board.xml as part xcvh1582-vsva3697-2mp-e-s-es1 specified in board_part file is either invalid or not available
WARNING: [Board 49-26] cannot add Board Part xilinx.com:vmk180:part0:2.2 available at E:/vivado/Vivado/2023.1/data/xhub/boards/XilinxBoardStore/boards/Xilinx/vmk180/production/2.2/board.xml as part xcvm1802-vsva2197-2mp-e-s specified in board_part file is either invalid or not available
WARNING: [Board 49-26] cannot add Board Part xilinx.com:vmk180:part0:3.0 available at E:/vivado/Vivado/2023.1/data/xhub/boards/XilinxBoardStore/boards/Xilinx/vmk180/production/3.0/board.xml as part xcvm1802-vsva2197-2mp-e-s specified in board_part file is either invalid or not available
WARNING: [Board 49-26] cannot add Board Part xilinx.com:vmk180:part0:3.1 available at E:/vivado/Vivado/2023.1/data/xhub/boards/XilinxBoardStore/boards/Xilinx/vmk180/production/3.1/board.xml as part xcvm1802-vsva2197-2mp-e-s specified in board_part file is either invalid or not available
WARNING: [Board 49-26] cannot add Board Part xilinx.com:vmk180:part0:3.2 available at E:/vivado/Vivado/2023.1/data/xhub/boards/XilinxBoardStore/boards/Xilinx/vmk180/production/3.2/board.xml as part xcvm1802-vsva2197-2mp-e-s specified in board_part file is either invalid or not available
WARNING: [Board 49-26] cannot add Board Part xilinx.com:vmk180_newl:part0:1.0 available at E:/vivado/Vivado/2023.1/data/xhub/boards/XilinxBoardStore/boards/Xilinx/vmk180_newl/production/1.0/board.xml as part xcvm1802-vsva2197-2mp-e-s specified in board_part file is either invalid or not available
WARNING: [Board 49-26] cannot add Board Part xilinx.com:vmk180_newl:part0:1.1 available at E:/vivado/Vivado/2023.1/data/xhub/boards/XilinxBoardStore/boards/Xilinx/vmk180_newl/production/1.1/board.xml as part xcvm1802-vsva2197-2mp-e-s specified in board_part file is either invalid or not available
WARNING: [Board 49-26] cannot add Board Part xilinx.com:vpk120:part0:1.0 available at E:/vivado/Vivado/2023.1/data/xhub/boards/XilinxBoardStore/boards/Xilinx/vpk120/production/1.0/board.xml as part xcvp1202-vsva2785-2mp-e-s specified in board_part file is either invalid or not available
WARNING: [Board 49-26] cannot add Board Part xilinx.com:vpk120:part0:1.1 available at E:/vivado/Vivado/2023.1/data/xhub/boards/XilinxBoardStore/boards/Xilinx/vpk120/production/1.1/board.xml as part xcvp1202-vsva2785-2mp-e-s specified in board_part file is either invalid or not available
WARNING: [Board 49-26] cannot add Board Part xilinx.com:vpk120_es:part0:1.2 available at E:/vivado/Vivado/2023.1/data/xhub/boards/XilinxBoardStore/boards/Xilinx/vpk120/es/1.2/board.xml as part xcvp1202-vsva2785-2mp-e-s-es1 specified in board_part file is either invalid or not available
WARNING: [Board 49-26] cannot add Board Part xilinx.com:vpk120_es:part0:1.3 available at E:/vivado/Vivado/2023.1/data/xhub/boards/XilinxBoardStore/boards/Xilinx/vpk120/es/1.3/board.xml as part xcvp1202-vsva2785-2mp-e-s-es1 specified in board_part file is either invalid or not available
WARNING: [Board 49-26] cannot add Board Part xilinx.com:vpk120_es_revb:part0:1.0 available at E:/vivado/Vivado/2023.1/data/xhub/boards/XilinxBoardStore/boards/Xilinx/vpk120_revb/es/1.0/board.xml as part xcvp1202-vsva2785-2mp-e-s-es1 specified in board_part file is either invalid or not available
WARNING: [Board 49-26] cannot add Board Part xilinx.com:vpk120_es_revb:part0:1.1 available at E:/vivado/Vivado/2023.1/data/xhub/boards/XilinxBoardStore/boards/Xilinx/vpk120_revb/es/1.1/board.xml as part xcvp1202-vsva2785-2mp-e-s-es1 specified in board_part file is either invalid or not available
WARNING: [Board 49-26] cannot add Board Part xilinx.com:vpk180:part0:1.0 available at E:/vivado/Vivado/2023.1/data/xhub/boards/XilinxBoardStore/boards/Xilinx/vpk180/production/1.0/board.xml as part xcvp1802-lsvc4072-2mp-e-s specified in board_part file is either invalid or not available
WARNING: [Board 49-26] cannot add Board Part xilinx.com:vpk180:part0:1.1 available at E:/vivado/Vivado/2023.1/data/xhub/boards/XilinxBoardStore/boards/Xilinx/vpk180/production/1.1/board.xml as part xcvp1802-lsvc4072-2mp-e-s specified in board_part file is either invalid or not available
WARNING: [Board 49-26] cannot add Board Part xilinx.com:vpk180_es:part0:1.0 available at E:/vivado/Vivado/2023.1/data/xhub/boards/XilinxBoardStore/boards/Xilinx/vpk180/es/1.0/board.xml as part xcvp1802-lsvc4072-2mp-e-s-es1 specified in board_part file is either invalid or not available
WARNING: [Board 49-26] cannot add Board Part xilinx.com:vpk180_es:part0:1.1 available at E:/vivado/Vivado/2023.1/data/xhub/boards/XilinxBoardStore/boards/Xilinx/vpk180/es/1.1/board.xml as part xcvp1802-lsvc4072-2mp-e-s-es1 specified in board_part file is either invalid or not available
WARNING: [Board 49-26] cannot add Board Part xilinx.com:zc702:part0:1.4 available at E:/vivado/Vivado/2023.1/data/xhub/boards/XilinxBoardStore/boards/Xilinx/zc702/1.4/board.xml as part xc7z020clg484-1 specified in board_part file is either invalid or not available
WARNING: [Board 49-26] cannot add Board Part xilinx.com:zc706:part0:1.4 available at E:/vivado/Vivado/2023.1/data/xhub/boards/XilinxBoardStore/boards/Xilinx/zc706/1.4/board.xml as part xc7z045ffg900-2 specified in board_part file is either invalid or not available
WARNING: [Board 49-26] cannot add Board Part xilinx.com:zcu102:part0:3.3 available at E:/vivado/Vivado/2023.1/data/xhub/boards/XilinxBoardStore/boards/Xilinx/zcu102/3.3/board.xml as part xczu9eg-ffvb1156-2-e specified in board_part file is either invalid or not available
WARNING: [Board 49-26] cannot add Board Part xilinx.com:zcu102:part0:3.4 available at E:/vivado/Vivado/2023.1/data/xhub/boards/XilinxBoardStore/boards/Xilinx/zcu102/3.4/board.xml as part xczu9eg-ffvb1156-2-e specified in board_part file is either invalid or not available
WARNING: [Board 49-26] cannot add Board Part xilinx.com:zcu104:part0:1.1 available at E:/vivado/Vivado/2023.1/data/xhub/boards/XilinxBoardStore/boards/Xilinx/zcu104/1.1/board.xml as part xczu7ev-ffvc1156-2-e specified in board_part file is either invalid or not available
WARNING: [Board 49-26] cannot add Board Part xilinx.com:zcu106:part0:2.4 available at E:/vivado/Vivado/2023.1/data/xhub/boards/XilinxBoardStore/boards/Xilinx/zcu106/2.4/board.xml as part xczu7ev-ffvc1156-2-e specified in board_part file is either invalid or not available
WARNING: [Board 49-26] cannot add Board Part xilinx.com:zcu106:part0:2.5 available at E:/vivado/Vivado/2023.1/data/xhub/boards/XilinxBoardStore/boards/Xilinx/zcu106/2.5/board.xml as part xczu7ev-ffvc1156-2-e specified in board_part file is either invalid or not available
WARNING: [Board 49-26] cannot add Board Part xilinx.com:zcu106:part0:2.6 available at E:/vivado/Vivado/2023.1/data/xhub/boards/XilinxBoardStore/boards/Xilinx/zcu106/2.6/board.xml as part xczu7ev-ffvc1156-2-e specified in board_part file is either invalid or not available
WARNING: [Board 49-26] cannot add Board Part xilinx.com:zcu111:part0:1.2 available at E:/vivado/Vivado/2023.1/data/xhub/boards/XilinxBoardStore/boards/Xilinx/zcu111/1.2/board.xml as part xczu28dr-ffvg1517-2-e specified in board_part file is either invalid or not available
WARNING: [Board 49-26] cannot add Board Part xilinx.com:zcu111:part0:1.3 available at E:/vivado/Vivado/2023.1/data/xhub/boards/XilinxBoardStore/boards/Xilinx/zcu111/1.3/board.xml as part xczu28dr-ffvg1517-2-e specified in board_part file is either invalid or not available
WARNING: [Board 49-26] cannot add Board Part xilinx.com:zcu111:part0:1.4 available at E:/vivado/Vivado/2023.1/data/xhub/boards/XilinxBoardStore/boards/Xilinx/zcu111/1.4/board.xml as part xczu28dr-ffvg1517-2-e specified in board_part file is either invalid or not available
WARNING: [Board 49-26] cannot add Board Part xilinx.com:zcu1275:part0:1.0 available at E:/vivado/Vivado/2023.1/data/xhub/boards/XilinxBoardStore/boards/Xilinx/zcu1275/1.0/board.xml as part xczu29dr-ffvf1760-2-e specified in board_part file is either invalid or not available
WARNING: [Board 49-26] cannot add Board Part xilinx.com:zcu1285:part0:1.0 available at E:/vivado/Vivado/2023.1/data/xhub/boards/XilinxBoardStore/boards/Xilinx/zcu1285/1.0/board.xml as part xczu39dr-ffvf1760-2-i specified in board_part file is either invalid or not available
WARNING: [Board 49-26] cannot add Board Part xilinx.com:zcu208:part0:2.0 available at E:/vivado/Vivado/2023.1/data/xhub/boards/XilinxBoardStore/boards/Xilinx/zcu208/production/2.0/board.xml as part xczu48dr-fsvg1517-2-e specified in board_part file is either invalid or not available
WARNING: [Board 49-26] cannot add Board Part xilinx.com:zcu208ld:part0:2.0 available at E:/vivado/Vivado/2023.1/data/xhub/boards/XilinxBoardStore/boards/Xilinx/zcu208ld/production/2.0/board.xml as part xczu58dr-fsvg1517-2-i specified in board_part file is either invalid or not available
WARNING: [Board 49-26] cannot add Board Part xilinx.com:zcu216:part0:2.0 available at E:/vivado/Vivado/2023.1/data/xhub/boards/XilinxBoardStore/boards/Xilinx/zcu216/production/2.0/board.xml as part xczu49dr-ffvf1760-2-e specified in board_part file is either invalid or not available
WARNING: [Board 49-26] cannot add Board Part xilinx.com:zcu216ld:part0:2.0 available at E:/vivado/Vivado/2023.1/data/xhub/boards/XilinxBoardStore/boards/Xilinx/zcu216ld/production/2.0/board.xml as part xczu59dr-ffvf1760-2-i specified in board_part file is either invalid or not available
WARNING: [Board 49-26] cannot add Board Part xilinx.com:zcu670:part0:2.0 available at E:/vivado/Vivado/2023.1/data/xhub/boards/XilinxBoardStore/boards/Xilinx/zcu670/2.0/board.xml as part xczu67dr-fsve1156-2-i specified in board_part file is either invalid or not available
WARNING: [Board 49-26] cannot add Board Part xilinx.com:zcu670ld:part0:1.0 available at E:/vivado/Vivado/2023.1/data/xhub/boards/XilinxBoardStore/boards/Xilinx/zcu670ld/1.0/board.xml as part xczu57dr-fsve1156-2-i specified in board_part file is either invalid or not available
INFO: [filemgmt 56-3] Default IP Output Path : Could not find the directory 'D:/Projects/parking_system/parking_system.gen/sources_1'.
Scanning sources...
Finished scanning sources
INFO: [IP_Flow 19-234] Refreshing IP repositories
INFO: [IP_Flow 19-1704] No user IP repositories specified
INFO: [IP_Flow 19-2313] Loaded Vivado IP repository 'E:/vivado/Vivado/2023.1/data/ip'.
open_project: Time (s): cpu = 00:00:42 ; elapsed = 00:00:20 . Memory (MB): peak = 1487.949 ; gain = 394.941
update_compile_order -fileset sources_1
open_hw_manager
connect_hw_server -allow_non_jtag
INFO: [Labtools 27-2285] Connecting to hw_server url TCP:localhost:3121
INFO: [Labtools 27-2222] Launching hw_server...
INFO: [Labtools 27-2221] Launch Output:
ECHO is off.
ECHO is off.

****** Xilinx hw_server v2023.1
  **** Build date : May  7 2023 at 15:26:57
    ** Copyright 1986-2022 Xilinx, Inc. All Rights Reserved.


INFO: [Labtools 27-3415] Connecting to cs_server url TCP:localhost:0
INFO: [Labtools 27-3417] Launching cs_server...
INFO: [Labtools 27-2221] Launch Output:
ECHO is off.
ECHO is off.


******** Xilinx cs_server v2023.1.0
  ****** Build date   : Apr 10 2023-21:59:24
    **** Build number : 2023.1.1681142364
      ** Copyright 2017-2022 Xilinx, Inc. All Rights Reserved.
      ** Copyright 2022-2026 Advanced Micro Devices, Inc. All Rights Reserved.



connect_hw_server: Time (s): cpu = 00:00:01 ; elapsed = 00:00:07 . Memory (MB): peak = 1684.391 ; gain = 0.000
open_hw_target
INFO: [Labtoolstcl 44-466] Opening hw_target localhost:3121/xilinx_tcf/Digilent/210183756651A
set_property PROGRAM.FILE {D:/Projects/parking_system/parking_system.runs/impl_1/parking_system.bit} [get_hw_devices xc7a35t_0]
current_hw_device [get_hw_devices xc7a35t_0]
refresh_hw_device -update_hw_probes false [lindex [get_hw_devices xc7a35t_0] 0]
INFO: [Labtools 27-1435] Device xc7a35t (JTAG device index = 0) is not programmed (DONE status = 0).
set_property PROBES.FILE {} [get_hw_devices xc7a35t_0]
set_property FULL_PROBES.FILE {} [get_hw_devices xc7a35t_0]
set_property PROGRAM.FILE {D:/Projects/parking_system/parking_system.runs/impl_1/parking_system.bit} [get_hw_devices xc7a35t_0]
program_hw_devices [get_hw_devices xc7a35t_0]
INFO: [Labtools 27-3164] End of startup status: HIGH
refresh_hw_device [lindex [get_hw_devices xc7a35t_0] 0]
INFO: [Labtools 27-1434] Device xc7a35t (JTAG device index = 0) is programmed with a design that has no supported debug core(s) in it.
launch_simulation
Command: launch_simulation 
INFO: [Vivado 12-12493] Simulation top is 'parking_system'
WARNING: [Vivado 12-13340] Unable to auto find GCC executables from simulator install path! (path not set)
INFO: [Vivado 12-5682] Launching behavioral simulation in 'D:/Projects/parking_system/parking_system.sim/sim_1/behav/xsim'
INFO: [SIM-utils-51] Simulation object is 'sim_1'
INFO: [SIM-utils-72] Using boost library from 'E:/vivado/Vivado/2023.1/tps/boost_1_72_0'
INFO: [SIM-utils-54] Inspecting design source files for 'parking_system' in fileset 'sim_1'...
INFO: [USF-XSim-97] Finding global include files...
INFO: [USF-XSim-98] Fetching design files from 'sim_1'...
INFO: [USF-XSim-2] XSim::Compile design
INFO: [USF-XSim-61] Executing 'COMPILE and ANALYZE' step in 'D:/Projects/parking_system/parking_system.sim/sim_1/behav/xsim'
"xvlog --incr --relax -prj parking_system_vlog.prj"
ECHO is off.
ECHO is off.
INFO: [VRFC 10-2263] Analyzing Verilog file "D:/Projects/parking_system/parking_system.srcs/control_unit.v" into library xil_defaultlib
INFO: [VRFC 10-311] analyzing module control_unit
INFO: [VRFC 10-2263] Analyzing Verilog file "D:/Projects/parking_system/parking_system.srcs/debounce.v" into library xil_defaultlib
INFO: [VRFC 10-311] analyzing module debounce
INFO: [VRFC 10-2263] Analyzing Verilog file "D:/Projects/parking_system/parking_system.srcs/parking_alu.v" into library xil_defaultlib
INFO: [VRFC 10-311] analyzing module parking_alu
INFO: [VRFC 10-2263] Analyzing Verilog file "D:/Projects/parking_system/parking_system.srcs/parking_memory.v" into library xil_defaultlib
INFO: [VRFC 10-311] analyzing module parking_memory
INFO: [VRFC 10-2263] Analyzing Verilog file "D:/Projects/parking_system/parking_system.srcs/seg7_display.v" into library xil_defaultlib
INFO: [VRFC 10-311] analyzing module seg7_display
INFO: [VRFC 10-2263] Analyzing Verilog file "D:/Projects/parking_system/parking_system.srcs/time_tracker.v" into library xil_defaultlib
INFO: [VRFC 10-311] analyzing module time_tracker
INFO: [VRFC 10-2263] Analyzing Verilog file "D:/Projects/parking_system/parking_system.srcs/parking_system.v" into library xil_defaultlib
INFO: [VRFC 10-311] analyzing module parking_system
INFO: [USF-XSim-69] 'compile' step finished in '2' seconds
INFO: [USF-XSim-3] XSim::Elaborate design
INFO: [USF-XSim-61] Executing 'ELABORATE' step in 'D:/Projects/parking_system/parking_system.sim/sim_1/behav/xsim'
"xelab --incr --debug typical --relax --mt 2 -L xil_defaultlib -L unisims_ver -L unimacro_ver -L secureip --snapshot parking_system_behav xil_defaultlib.parking_system xil_defaultlib.glbl -log elaborate.log"
ECHO is off.
ECHO is off.
Vivado Simulator v2023.1
Copyright 1986-2022 Xilinx, Inc. All Rights Reserved.
Copyright 2022-2023 Advanced Micro Devices, Inc. All Rights Reserved.
Running: E:/vivado/Vivado/2023.1/bin/unwrapped/win64.o/xelab.exe --incr --debug typical --relax --mt 2 -L xil_defaultlib -L unisims_ver -L unimacro_ver -L secureip --snapshot parking_system_behav xil_defaultlib.parking_system xil_defaultlib.glbl -log elaborate.log 
Using 2 slave threads.
Starting static elaboration
Pass Through NonSizing Optimizer
Completed static elaboration
Starting simulation data flow analysis
WARNING: [XSIM 43-4100] "D:/Projects/parking_system/parking_system.sim/sim_1/behav/xsim/glbl.v" Line 6. Module glbl has a timescale but at least one module in design doesn't have timescale.
WARNING: [XSIM 43-4100] "D:/Projects/parking_system/parking_system.sim/sim_1/behav/xsim/glbl.v" Line 6. Module glbl has a timescale but at least one module in design doesn't have timescale.
Completed simulation data flow analysis
Time Resolution for simulation is 1ps
Compiling module xil_defaultlib.debounce
Compiling module xil_defaultlib.time_tracker_default
Compiling module xil_defaultlib.parking_alu
Compiling module xil_defaultlib.parking_memory_default
Compiling module xil_defaultlib.control_unit(EMPTY_ID=4'b1111)
Compiling module xil_defaultlib.seg7_display_default
Compiling module xil_defaultlib.parking_system
Compiling module xil_defaultlib.glbl
Built simulation snapshot parking_system_behav
INFO: [USF-XSim-69] 'elaborate' step finished in '2' seconds
INFO: [USF-XSim-4] XSim::Simulate design
INFO: [USF-XSim-61] Executing 'SIMULATE' step in 'D:/Projects/parking_system/parking_system.sim/sim_1/behav/xsim'
INFO: [USF-XSim-98] *** Running xsim
   with args "parking_system_behav -key {Behavioral:sim_1:Functional:parking_system} -tclbatch {parking_system.tcl} -log {simulate.log}"
INFO: [USF-XSim-8] Loading simulator feature
Time resolution is 1 ps
source parking_system.tcl
# set curr_wave [current_wave_config]
# if { [string length $curr_wave] == 0 } {
#   if { [llength [get_objects]] > 0} {
#     add_wave /
#     set_property needs_save false [current_wave_config]
#   } else {
#      send_msg_id Add_Wave-1 WARNING "No top level signals found. Simulator will start without a wave window. If you want to open a wave window go to 'File->New Waveform Configuration' or type 'create_wave_config' in the TCL console."
#   }
# }
# run 1000ns
INFO: [USF-XSim-96] XSim completed. Design snapshot 'parking_system_behav' loaded.
INFO: [USF-XSim-97] XSim simulation ran for 1000ns
launch_simulation: Time (s): cpu = 00:00:07 ; elapsed = 00:00:09 . Memory (MB): peak = 1684.391 ; gain = 0.000
synth_design -rtl -rtl_skip_mlo -name rtl_1
Command: synth_design -rtl -rtl_skip_mlo -name rtl_1
Starting synth_design
Using part: xc7a35ticpg236-1L
Top: parking_system
INFO: [Device 21-403] Loading part xc7a35ticpg236-1L
---------------------------------------------------------------------------------
Starting RTL Elaboration : Time (s): cpu = 00:00:04 ; elapsed = 00:00:04 . Memory (MB): peak = 2326.059 ; gain = 396.070
---------------------------------------------------------------------------------
INFO: [Synth 8-6157] synthesizing module 'parking_system' [D:/Projects/parking_system/parking_system.srcs/parking_system.v:53]
INFO: [Synth 8-6157] synthesizing module 'debounce' [D:/Projects/parking_system/parking_system.srcs/debounce.v:17]
	Parameter DEBOUNCE_BITS bound to: 20 - type: integer 
INFO: [Synth 8-6155] done synthesizing module 'debounce' (0#1) [D:/Projects/parking_system/parking_system.srcs/debounce.v:17]
INFO: [Synth 8-6157] synthesizing module 'time_tracker' [D:/Projects/parking_system/parking_system.srcs/time_tracker.v:24]
	Parameter CLK_FREQ bound to: 100000000 - type: integer 
	Parameter TICK_DIV bound to: 100000000 - type: integer 
	Parameter NUM_CARS bound to: 16 - type: integer 
	Parameter ID_BITS bound to: 4 - type: integer 
INFO: [Synth 8-6155] done synthesizing module 'time_tracker' (0#1) [D:/Projects/parking_system/parking_system.srcs/time_tracker.v:24]
INFO: [Synth 8-6157] synthesizing module 'parking_alu' [D:/Projects/parking_system/parking_system.srcs/parking_alu.v:9]
	Parameter NUM_SLOTS bound to: 8 - type: integer 
	Parameter SLOT_BITS bound to: 3 - type: integer 
	Parameter RATE bound to: 16'b0000000000000010 
INFO: [Synth 8-6155] done synthesizing module 'parking_alu' (0#1) [D:/Projects/parking_system/parking_system.srcs/parking_alu.v:9]
INFO: [Synth 8-6157] synthesizing module 'parking_memory' [D:/Projects/parking_system/parking_system.srcs/parking_memory.v:27]
	Parameter NUM_SLOTS bound to: 8 - type: integer 
	Parameter NUM_CARS bound to: 16 - type: integer 
	Parameter ID_BITS bound to: 4 - type: integer 
	Parameter SLOT_BITS bound to: 3 - type: integer 
INFO: [Synth 8-6155] done synthesizing module 'parking_memory' (0#1) [D:/Projects/parking_system/parking_system.srcs/parking_memory.v:27]
INFO: [Synth 8-6157] synthesizing module 'control_unit' [D:/Projects/parking_system/parking_system.srcs/control_unit.v:76]
	Parameter NUM_SLOTS bound to: 8 - type: integer 
	Parameter NUM_CARS bound to: 16 - type: integer 
	Parameter ID_BITS bound to: 4 - type: integer 
	Parameter SLOT_BITS bound to: 3 - type: integer 
	Parameter EMPTY_ID bound to: 4'b1111 
INFO: [Synth 8-6155] done synthesizing module 'control_unit' (0#1) [D:/Projects/parking_system/parking_system.srcs/control_unit.v:76]
INFO: [Synth 8-6157] synthesizing module 'seg7_display' [D:/Projects/parking_system/parking_system.srcs/seg7_display.v:41]
	Parameter CLK_FREQ bound to: 100000000 - type: integer 
	Parameter REFRESH_HZ bound to: 1000 - type: integer 
	Parameter NUM_SLOTS bound to: 8 - type: integer 
INFO: [Synth 8-226] default block is never used [D:/Projects/parking_system/parking_system.srcs/seg7_display.v:180]
INFO: [Synth 8-226] default block is never used [D:/Projects/parking_system/parking_system.srcs/seg7_display.v:182]
INFO: [Synth 8-226] default block is never used [D:/Projects/parking_system/parking_system.srcs/seg7_display.v:191]
INFO: [Synth 8-226] default block is never used [D:/Projects/parking_system/parking_system.srcs/seg7_display.v:200]
INFO: [Synth 8-226] default block is never used [D:/Projects/parking_system/parking_system.srcs/seg7_display.v:209]
INFO: [Synth 8-226] default block is never used [D:/Projects/parking_system/parking_system.srcs/seg7_display.v:230]
INFO: [Synth 8-6155] done synthesizing module 'seg7_display' (0#1) [D:/Projects/parking_system/parking_system.srcs/seg7_display.v:41]
INFO: [Synth 8-6155] done synthesizing module 'parking_system' (0#1) [D:/Projects/parking_system/parking_system.srcs/parking_system.v:53]
WARNING: [Synth 8-6014] Unused sequential element free_count_reg was removed.  [D:/Projects/parking_system/parking_system.srcs/control_unit.v:196]
WARNING: [Synth 8-7137] Register fee_wait_reg in module control_unit has both Set and reset with same priority. This may cause simulation mismatches. Consider rewriting code  [D:/Projects/parking_system/parking_system.srcs/control_unit.v:413]
WARNING: [Synth 8-7129] Port current_time[31] in module control_unit is either unconnected or has no load
WARNING: [Synth 8-7129] Port current_time[30] in module control_unit is either unconnected or has no load
WARNING: [Synth 8-7129] Port current_time[29] in module control_unit is either unconnected or has no load
WARNING: [Synth 8-7129] Port current_time[28] in module control_unit is either unconnected or has no load
WARNING: [Synth 8-7129] Port current_time[27] in module control_unit is either unconnected or has no load
WARNING: [Synth 8-7129] Port current_time[26] in module control_unit is either unconnected or has no load
WARNING: [Synth 8-7129] Port current_time[25] in module control_unit is either unconnected or has no load
WARNING: [Synth 8-7129] Port current_time[24] in module control_unit is either unconnected or has no load
WARNING: [Synth 8-7129] Port current_time[23] in module control_unit is either unconnected or has no load
WARNING: [Synth 8-7129] Port current_time[22] in module control_unit is either unconnected or has no load
WARNING: [Synth 8-7129] Port current_time[21] in module control_unit is either unconnected or has no load
WARNING: [Synth 8-7129] Port current_time[20] in module control_unit is either unconnected or has no load
WARNING: [Synth 8-7129] Port current_time[19] in module control_unit is either unconnected or has no load
WARNING: [Synth 8-7129] Port current_time[18] in module control_unit is either unconnected or has no load
WARNING: [Synth 8-7129] Port current_time[17] in module control_unit is either unconnected or has no load
WARNING: [Synth 8-7129] Port current_time[16] in module control_unit is either unconnected or has no load
WARNING: [Synth 8-7129] Port current_time[15] in module control_unit is either unconnected or has no load
WARNING: [Synth 8-7129] Port current_time[14] in module control_unit is either unconnected or has no load
WARNING: [Synth 8-7129] Port current_time[13] in module control_unit is either unconnected or has no load
WARNING: [Synth 8-7129] Port current_time[12] in module control_unit is either unconnected or has no load
WARNING: [Synth 8-7129] Port current_time[11] in module control_unit is either unconnected or has no load
WARNING: [Synth 8-7129] Port current_time[10] in module control_unit is either unconnected or has no load
WARNING: [Synth 8-7129] Port current_time[9] in module control_unit is either unconnected or has no load
WARNING: [Synth 8-7129] Port current_time[8] in module control_unit is either unconnected or has no load
WARNING: [Synth 8-7129] Port current_time[7] in module control_unit is either unconnected or has no load
WARNING: [Synth 8-7129] Port current_time[6] in module control_unit is either unconnected or has no load
WARNING: [Synth 8-7129] Port current_time[5] in module control_unit is either unconnected or has no load
WARNING: [Synth 8-7129] Port current_time[4] in module control_unit is either unconnected or has no load
WARNING: [Synth 8-7129] Port current_time[3] in module control_unit is either unconnected or has no load
WARNING: [Synth 8-7129] Port current_time[2] in module control_unit is either unconnected or has no load
WARNING: [Synth 8-7129] Port current_time[1] in module control_unit is either unconnected or has no load
WARNING: [Synth 8-7129] Port current_time[0] in module control_unit is either unconnected or has no load
WARNING: [Synth 8-7129] Port entry_time_in[31] in module control_unit is either unconnected or has no load
WARNING: [Synth 8-7129] Port entry_time_in[30] in module control_unit is either unconnected or has no load
WARNING: [Synth 8-7129] Port entry_time_in[29] in module control_unit is either unconnected or has no load
WARNING: [Synth 8-7129] Port entry_time_in[28] in module control_unit is either unconnected or has no load
WARNING: [Synth 8-7129] Port entry_time_in[27] in module control_unit is either unconnected or has no load
WARNING: [Synth 8-7129] Port entry_time_in[26] in module control_unit is either unconnected or has no load
WARNING: [Synth 8-7129] Port entry_time_in[25] in module control_unit is either unconnected or has no load
WARNING: [Synth 8-7129] Port entry_time_in[24] in module control_unit is either unconnected or has no load
WARNING: [Synth 8-7129] Port entry_time_in[23] in module control_unit is either unconnected or has no load
WARNING: [Synth 8-7129] Port entry_time_in[22] in module control_unit is either unconnected or has no load
WARNING: [Synth 8-7129] Port entry_time_in[21] in module control_unit is either unconnected or has no load
WARNING: [Synth 8-7129] Port entry_time_in[20] in module control_unit is either unconnected or has no load
WARNING: [Synth 8-7129] Port entry_time_in[19] in module control_unit is either unconnected or has no load
WARNING: [Synth 8-7129] Port entry_time_in[18] in module control_unit is either unconnected or has no load
WARNING: [Synth 8-7129] Port entry_time_in[17] in module control_unit is either unconnected or has no load
WARNING: [Synth 8-7129] Port entry_time_in[16] in module control_unit is either unconnected or has no load
WARNING: [Synth 8-7129] Port entry_time_in[15] in module control_unit is either unconnected or has no load
WARNING: [Synth 8-7129] Port entry_time_in[14] in module control_unit is either unconnected or has no load
WARNING: [Synth 8-7129] Port entry_time_in[13] in module control_unit is either unconnected or has no load
WARNING: [Synth 8-7129] Port entry_time_in[12] in module control_unit is either unconnected or has no load
WARNING: [Synth 8-7129] Port entry_time_in[11] in module control_unit is either unconnected or has no load
WARNING: [Synth 8-7129] Port entry_time_in[10] in module control_unit is either unconnected or has no load
WARNING: [Synth 8-7129] Port entry_time_in[9] in module control_unit is either unconnected or has no load
WARNING: [Synth 8-7129] Port entry_time_in[8] in module control_unit is either unconnected or has no load
WARNING: [Synth 8-7129] Port entry_time_in[7] in module control_unit is either unconnected or has no load
WARNING: [Synth 8-7129] Port entry_time_in[6] in module control_unit is either unconnected or has no load
WARNING: [Synth 8-7129] Port entry_time_in[5] in module control_unit is either unconnected or has no load
WARNING: [Synth 8-7129] Port entry_time_in[4] in module control_unit is either unconnected or has no load
WARNING: [Synth 8-7129] Port entry_time_in[3] in module control_unit is either unconnected or has no load
WARNING: [Synth 8-7129] Port entry_time_in[2] in module control_unit is either unconnected or has no load
WARNING: [Synth 8-7129] Port entry_time_in[1] in module control_unit is either unconnected or has no load
WARNING: [Synth 8-7129] Port entry_time_in[0] in module control_unit is either unconnected or has no load
---------------------------------------------------------------------------------
Finished RTL Elaboration : Time (s): cpu = 00:00:05 ; elapsed = 00:00:06 . Memory (MB): peak = 2436.273 ; gain = 506.285
---------------------------------------------------------------------------------
---------------------------------------------------------------------------------
Start Handling Custom Attributes
---------------------------------------------------------------------------------
---------------------------------------------------------------------------------
Finished Handling Custom Attributes : Time (s): cpu = 00:00:05 ; elapsed = 00:00:06 . Memory (MB): peak = 2436.273 ; gain = 506.285
---------------------------------------------------------------------------------
---------------------------------------------------------------------------------
Finished RTL Optimization Phase 1 : Time (s): cpu = 00:00:05 ; elapsed = 00:00:06 . Memory (MB): peak = 2436.273 ; gain = 506.285
---------------------------------------------------------------------------------
Netlist sorting complete. Time (s): cpu = 00:00:00 ; elapsed = 00:00:00.020 . Memory (MB): peak = 2436.273 ; gain = 0.000
INFO: [Project 1-570] Preparing netlist for logic optimization

Processing XDC Constraints
Initializing timing engine
Parsing XDC File [D:/Projects/parking_system/parking_system.srcs/parking_system.xdc]
Finished Parsing XDC File [D:/Projects/parking_system/parking_system.srcs/parking_system.xdc]
Completed Processing XDC Constraints

Netlist sorting complete. Time (s): cpu = 00:00:00 ; elapsed = 00:00:00.001 . Memory (MB): peak = 2523.754 ; gain = 0.000
INFO: [Project 1-111] Unisim Transformation Summary:
No Unisim elements were transformed.

RTL Elaboration Complete:  : Time (s): cpu = 00:00:13 ; elapsed = 00:00:10 . Memory (MB): peak = 2562.664 ; gain = 632.676
23 Infos, 66 Warnings, 0 Critical Warnings and 0 Errors encountered.
synth_design completed successfully
synth_design: Time (s): cpu = 00:00:17 ; elapsed = 00:00:14 . Memory (MB): peak = 2562.664 ; gain = 878.273
close_sim
INFO: [Simtcl 6-16] Simulation closed
launch_simulation
Command: launch_simulation 
INFO: [Vivado 12-12493] Simulation top is 'parking_system'
WARNING: [Vivado 12-13340] Unable to auto find GCC executables from simulator install path! (path not set)
INFO: [Vivado 12-5682] Launching behavioral simulation in 'D:/Projects/parking_system/parking_system.sim/sim_1/behav/xsim'
INFO: [SIM-utils-51] Simulation object is 'sim_1'
INFO: [SIM-utils-72] Using boost library from 'E:/vivado/Vivado/2023.1/tps/boost_1_72_0'
INFO: [SIM-utils-54] Inspecting design source files for 'parking_system' in fileset 'sim_1'...
INFO: [USF-XSim-97] Finding global include files...
INFO: [USF-XSim-98] Fetching design files from 'sim_1'...
INFO: [USF-XSim-2] XSim::Compile design
INFO: [USF-XSim-61] Executing 'COMPILE and ANALYZE' step in 'D:/Projects/parking_system/parking_system.sim/sim_1/behav/xsim'
"xvlog --incr --relax -prj parking_system_vlog.prj"
ECHO is off.
ECHO is off.
INFO: [VRFC 10-2263] Analyzing Verilog file "D:/Projects/parking_system/parking_system.srcs/control_unit.v" into library xil_defaultlib
INFO: [VRFC 10-311] analyzing module control_unit
INFO: [VRFC 10-2263] Analyzing Verilog file "D:/Projects/parking_system/parking_system.srcs/debounce.v" into library xil_defaultlib
INFO: [VRFC 10-311] analyzing module debounce
INFO: [VRFC 10-2263] Analyzing Verilog file "D:/Projects/parking_system/parking_system.srcs/parking_alu.v" into library xil_defaultlib
INFO: [VRFC 10-311] analyzing module parking_alu
INFO: [VRFC 10-2263] Analyzing Verilog file "D:/Projects/parking_system/parking_system.srcs/parking_memory.v" into library xil_defaultlib
INFO: [VRFC 10-311] analyzing module parking_memory
INFO: [VRFC 10-2263] Analyzing Verilog file "D:/Projects/parking_system/parking_system.srcs/seg7_display.v" into library xil_defaultlib
INFO: [VRFC 10-311] analyzing module seg7_display
INFO: [VRFC 10-2263] Analyzing Verilog file "D:/Projects/parking_system/parking_system.srcs/time_tracker.v" into library xil_defaultlib
INFO: [VRFC 10-311] analyzing module time_tracker
INFO: [VRFC 10-2263] Analyzing Verilog file "D:/Projects/parking_system/parking_system.srcs/parking_system.v" into library xil_defaultlib
INFO: [VRFC 10-311] analyzing module parking_system
INFO: [USF-XSim-69] 'compile' step finished in '1' seconds
INFO: [USF-XSim-3] XSim::Elaborate design
INFO: [USF-XSim-61] Executing 'ELABORATE' step in 'D:/Projects/parking_system/parking_system.sim/sim_1/behav/xsim'
"xelab --incr --debug typical --relax --mt 2 -L xil_defaultlib -L unisims_ver -L unimacro_ver -L secureip --snapshot parking_system_behav xil_defaultlib.parking_system xil_defaultlib.glbl -log elaborate.log"
ECHO is off.
ECHO is off.
Vivado Simulator v2023.1
Copyright 1986-2022 Xilinx, Inc. All Rights Reserved.
Copyright 2022-2023 Advanced Micro Devices, Inc. All Rights Reserved.
Running: E:/vivado/Vivado/2023.1/bin/unwrapped/win64.o/xelab.exe --incr --debug typical --relax --mt 2 -L xil_defaultlib -L unisims_ver -L unimacro_ver -L secureip --snapshot parking_system_behav xil_defaultlib.parking_system xil_defaultlib.glbl -log elaborate.log 
Using 2 slave threads.
Starting static elaboration
Pass Through NonSizing Optimizer
Completed static elaboration
Starting simulation data flow analysis
Completed simulation data flow analysis
Time Resolution for simulation is 1ps
Compiling module xil_defaultlib.debounce
Compiling module xil_defaultlib.time_tracker_default
Compiling module xil_defaultlib.parking_alu
Compiling module xil_defaultlib.parking_memory_default
Compiling module xil_defaultlib.control_unit(EMPTY_ID=4'b1111)
Compiling module xil_defaultlib.seg7_display_default
Compiling module xil_defaultlib.parking_system
Compiling module xil_defaultlib.glbl
Built simulation snapshot parking_system_behav
INFO: [USF-XSim-69] 'elaborate' step finished in '3' seconds
INFO: [USF-XSim-4] XSim::Simulate design
INFO: [USF-XSim-61] Executing 'SIMULATE' step in 'D:/Projects/parking_system/parking_system.sim/sim_1/behav/xsim'
INFO: [USF-XSim-98] *** Running xsim
   with args "parking_system_behav -key {Behavioral:sim_1:Functional:parking_system} -tclbatch {parking_system.tcl} -log {simulate.log}"
INFO: [USF-XSim-8] Loading simulator feature
Time resolution is 1 ps
source parking_system.tcl
# set curr_wave [current_wave_config]
# if { [string length $curr_wave] == 0 } {
#   if { [llength [get_objects]] > 0} {
#     add_wave /
#     set_property needs_save false [current_wave_config]
#   } else {
#      send_msg_id Add_Wave-1 WARNING "No top level signals found. Simulator will start without a wave window. If you want to open a wave window go to 'File->New Waveform Configuration' or type 'create_wave_config' in the TCL console."
#   }
# }
# run 1000ns
INFO: [USF-XSim-96] XSim completed. Design snapshot 'parking_system_behav' loaded.
INFO: [USF-XSim-97] XSim simulation ran for 1000ns
launch_simulation: Time (s): cpu = 00:00:03 ; elapsed = 00:00:08 . Memory (MB): peak = 2605.336 ; gain = 1.859
synth_design -top parking_system -part xc7a35ticpg236-1L -lint 
Command: synth_design -top parking_system -part xc7a35ticpg236-1L -lint
Starting synth_design
Attempting to get a license for feature 'Synthesis' and/or device 'xc7a35ti'
INFO: [Common 17-349] Got license for feature 'Synthesis' and/or device 'xc7a35ti'
---------------------------------------------------------------------------------
Starting RTL Elaboration : Time (s): cpu = 00:00:05 ; elapsed = 00:00:04 . Memory (MB): peak = 2655.195 ; gain = 49.859
---------------------------------------------------------------------------------
Clean up Linter database...
INFO: [Synth 8-6157] synthesizing module 'parking_system' [D:/Projects/parking_system/parking_system.srcs/parking_system.v:54]
INFO: [Synth 8-6157] synthesizing module 'debounce' [D:/Projects/parking_system/parking_system.srcs/debounce.v:18]
	Parameter DEBOUNCE_BITS bound to: 20 - type: integer 
INFO: [Synth 8-6155] done synthesizing module 'debounce' (1#1) [D:/Projects/parking_system/parking_system.srcs/debounce.v:18]
INFO: [Synth 8-6157] synthesizing module 'time_tracker' [D:/Projects/parking_system/parking_system.srcs/time_tracker.v:25]
	Parameter CLK_FREQ bound to: 100000000 - type: integer 
	Parameter TICK_DIV bound to: 100000000 - type: integer 
	Parameter NUM_CARS bound to: 16 - type: integer 
	Parameter ID_BITS bound to: 4 - type: integer 
INFO: [Synth 8-6155] done synthesizing module 'time_tracker' (2#1) [D:/Projects/parking_system/parking_system.srcs/time_tracker.v:25]
INFO: [Synth 8-6157] synthesizing module 'parking_alu' [D:/Projects/parking_system/parking_system.srcs/parking_alu.v:9]
	Parameter NUM_SLOTS bound to: 8 - type: integer 
	Parameter SLOT_BITS bound to: 3 - type: integer 
	Parameter RATE bound to: 16'b0000000000000010 
INFO: [Synth 8-6155] done synthesizing module 'parking_alu' (3#1) [D:/Projects/parking_system/parking_system.srcs/parking_alu.v:9]
INFO: [Synth 8-6157] synthesizing module 'parking_memory' [D:/Projects/parking_system/parking_system.srcs/parking_memory.v:28]
	Parameter NUM_SLOTS bound to: 8 - type: integer 
	Parameter NUM_CARS bound to: 16 - type: integer 
	Parameter ID_BITS bound to: 4 - type: integer 
	Parameter SLOT_BITS bound to: 3 - type: integer 
INFO: [Synth 8-6155] done synthesizing module 'parking_memory' (4#1) [D:/Projects/parking_system/parking_system.srcs/parking_memory.v:28]
INFO: [Synth 8-6157] synthesizing module 'control_unit' [D:/Projects/parking_system/parking_system.srcs/control_unit.v:77]
	Parameter NUM_SLOTS bound to: 8 - type: integer 
	Parameter NUM_CARS bound to: 16 - type: integer 
	Parameter ID_BITS bound to: 4 - type: integer 
	Parameter SLOT_BITS bound to: 3 - type: integer 
	Parameter EMPTY_ID bound to: 4'b1111 
INFO: [Synth 8-6155] done synthesizing module 'control_unit' (5#1) [D:/Projects/parking_system/parking_system.srcs/control_unit.v:77]
INFO: [Synth 8-6157] synthesizing module 'seg7_display' [D:/Projects/parking_system/parking_system.srcs/seg7_display.v:42]
	Parameter CLK_FREQ bound to: 100000000 - type: integer 
	Parameter REFRESH_HZ bound to: 1000 - type: integer 
	Parameter NUM_SLOTS bound to: 8 - type: integer 
INFO: [Synth 8-226] default block is never used [D:/Projects/parking_system/parking_system.srcs/seg7_display.v:183]
INFO: [Synth 8-226] default block is never used [D:/Projects/parking_system/parking_system.srcs/seg7_display.v:185]
INFO: [Synth 8-226] default block is never used [D:/Projects/parking_system/parking_system.srcs/seg7_display.v:194]
INFO: [Synth 8-226] default block is never used [D:/Projects/parking_system/parking_system.srcs/seg7_display.v:203]
INFO: [Synth 8-226] default block is never used [D:/Projects/parking_system/parking_system.srcs/seg7_display.v:212]
INFO: [Synth 8-226] default block is never used [D:/Projects/parking_system/parking_system.srcs/seg7_display.v:233]
INFO: [Synth 8-6155] done synthesizing module 'seg7_display' (6#1) [D:/Projects/parking_system/parking_system.srcs/seg7_display.v:42]
INFO: [Synth 8-6155] done synthesizing module 'parking_system' (7#1) [D:/Projects/parking_system/parking_system.srcs/parking_system.v:54]
---------------------------------------------------------------------------------
Finished RTL Elaboration : Time (s): cpu = 00:00:06 ; elapsed = 00:00:06 . Memory (MB): peak = 2759.113 ; gain = 153.777
---------------------------------------------------------------------------------
Copyright 1986-2022 Xilinx, Inc. All Rights Reserved. Copyright 2022-2023 Advanced Micro Devices, Inc. All Rights Reserved.
---------------------------------------------------------------------------------------------------------------------------------------------
| Tool Version : Vivado v.2023.1 (win64) Build 3865809 Sun May  7 15:05:29 MDT 2023
| Date         : Fri Apr 10 14:27:00 2026
| Host         : Paraffin-Bluff running 64-bit major release  (build 9200)
---------------------------------------------------------------------------------------------------------------------------------------------

RTL Linter Report

Table of Contents
-----------------
1. Summary

1. Summary
----------

+-----------+--------------+----------+
| Rule ID   | # Violations | # Waived |
+-----------+--------------+----------+
| ASSIGN-6  | 5            | 0        |
| ASSIGN-10 | 1            | 0        |
+-----------+--------------+----------+


WARNING: [Synth 37-102] [ASSIGN-10]All bits in IO 'entry_time_in' are not read. First unused bit index is 0. 
RTL Name 'entry_time_in', Hierarchy 'control_unit', File 'D:/Projects/parking_system/parking_system.srcs/control_unit.v', Line 100.
WARNING: [Synth 37-93] [ASSIGN-6]Signal 'entry_stable' was assigned but not read. 
RTL Name 'entry_stable', Hierarchy 'parking_system', File 'D:/Projects/parking_system/parking_system.srcs/parking_system.v', Line 84.
WARNING: [Synth 37-93] [ASSIGN-6]Signal 'exit_stable' was assigned but not read. 
RTL Name 'exit_stable', Hierarchy 'parking_system', File 'D:/Projects/parking_system/parking_system.srcs/parking_system.v', Line 84.
WARNING: [Synth 37-93] [ASSIGN-6]Signal 'pay_stable' was assigned but not read. 
RTL Name 'pay_stable', Hierarchy 'parking_system', File 'D:/Projects/parking_system/parking_system.srcs/parking_system.v', Line 84.
WARNING: [Synth 37-86] [ASSIGN-6]All bits in array 'dur_pipe[14]' are not read. First unread bit index is 0. 
RTL Name 'dur_pipe[14]', Hierarchy 'seg7_display', File 'D:/Projects/parking_system/parking_system.srcs/seg7_display.v', Line 107.
WARNING: [Synth 37-86] [ASSIGN-6]All bits in array 'fee_pipe[14]' are not read. First unread bit index is 0. 
RTL Name 'fee_pipe[14]', Hierarchy 'seg7_display', File 'D:/Projects/parking_system/parking_system.srcs/seg7_display.v', Line 108.
INFO: [Synth 37-85] Total of 6 linter message(s) generated.
INFO: [Synth 37-45] Linter Run Finished!
Netlist sorting complete. Time (s): cpu = 00:00:00 ; elapsed = 00:00:00.023 . Memory (MB): peak = 2781.988 ; gain = 0.000
INFO: [Project 1-570] Preparing netlist for logic optimization

Processing XDC Constraints
Initializing timing engine
Parsing XDC File [D:/Projects/parking_system/parking_system.srcs/parking_system.xdc]
Finished Parsing XDC File [D:/Projects/parking_system/parking_system.srcs/parking_system.xdc]
Completed Processing XDC Constraints

INFO: [Opt 31-138] Pushed 0 inverter(s) to 0 load pin(s).
Netlist sorting complete. Time (s): cpu = 00:00:00 ; elapsed = 00:00:00.001 . Memory (MB): peak = 2895.699 ; gain = 0.000
INFO: [Common 17-83] Releasing license: Synthesis
26 Infos, 6 Warnings, 0 Critical Warnings and 0 Errors encountered.
synth_design completed successfully
synth_design: Time (s): cpu = 00:00:08 ; elapsed = 00:00:07 . Memory (MB): peak = 2895.699 ; gain = 290.363
reset_run synth_1
INFO: [Project 1-1161] Replacing file D:/Projects/parking_system/parking_system.srcs/utils_1/imports/synth_1/parking_system.dcp with file D:/Projects/parking_system/parking_system.runs/synth_1/parking_system.dcp
WARNING: [Vivado 12-1017] Problems encountered:
1. Failed to delete one or more files in run directory D:/Projects/parking_system/parking_system.runs/synth_1

launch_runs synth_1 -jobs 8
[Fri Apr 10 14:27:07 2026] Launched synth_1...
Run output will be captured here: D:/Projects/parking_system/parking_system.runs/synth_1/runme.log
launch_runs impl_1 -jobs 8
[Fri Apr 10 14:28:09 2026] Launched impl_1...
Run output will be captured here: D:/Projects/parking_system/parking_system.runs/impl_1/runme.log
launch_runs impl_1 -to_step write_bitstream -jobs 8
[Fri Apr 10 14:29:46 2026] Launched impl_1...
Run output will be captured here: D:/Projects/parking_system/parking_system.runs/impl_1/runme.log
open_run impl_1
Netlist sorting complete. Time (s): cpu = 00:00:00 ; elapsed = 00:00:00.011 . Memory (MB): peak = 2895.699 ; gain = 0.000
INFO: [Netlist 29-17] Analyzing 145 Unisim elements for replacement
INFO: [Netlist 29-28] Unisim Transformation completed in 0 CPU seconds
INFO: [Project 1-479] Netlist was created with Vivado 2023.1
INFO: [Project 1-570] Preparing netlist for logic optimization
INFO: [Timing 38-478] Restoring timing data from binary archive.
INFO: [Timing 38-479] Binary timing data restore complete.
INFO: [Project 1-856] Restoring constraints from binary archive.
INFO: [Project 1-853] Binary constraint restore complete.
Reading XDEF placement.
Reading placer database...
Reading XDEF routing.
Read XDEF Files: Time (s): cpu = 00:00:00 ; elapsed = 00:00:00.143 . Memory (MB): peak = 3236.074 ; gain = 0.000
Restored from archive | CPU: 0.000000 secs | Memory: 0.000000 MB |
Finished XDEF File Restore: Time (s): cpu = 00:00:00 ; elapsed = 00:00:00.144 . Memory (MB): peak = 3236.074 ; gain = 0.000
Netlist sorting complete. Time (s): cpu = 00:00:00 ; elapsed = 00:00:00 . Memory (MB): peak = 3236.074 ; gain = 0.000
INFO: [Project 1-111] Unisim Transformation Summary:
No Unisim elements were transformed.

open_run: Time (s): cpu = 00:00:11 ; elapsed = 00:00:09 . Memory (MB): peak = 3298.113 ; gain = 402.414
set_property PROBES.FILE {} [get_hw_devices xc7a35t_0]
set_property FULL_PROBES.FILE {} [get_hw_devices xc7a35t_0]
set_property PROGRAM.FILE {D:/Projects/parking_system/parking_system.runs/impl_1/parking_system.bit} [get_hw_devices xc7a35t_0]
program_hw_devices [get_hw_devices xc7a35t_0]
INFO: [Labtools 27-3164] End of startup status: HIGH
refresh_hw_device [lindex [get_hw_devices xc7a35t_0] 0]
INFO: [Labtools 27-1434] Device xc7a35t (JTAG device index = 0) is programmed with a design that has no supported debug core(s) in it.
ERROR: [Labtoolstcl 44-513] HW Target shutdown. Closing target: localhost:3121/xilinx_tcf/Digilent/210183756651A
INFO: [Labtoolstcl 44-466] Opening hw_target localhost:3121/xilinx_tcf/Digilent/210183756651A
INFO: [Labtools 27-1435] Device xc7a35t (JTAG device index = 0) is not programmed (DONE status = 0).
WARNING: [Labtoolstcl 44-129] No matching hw_ila_data was found.
ERROR: [Labtoolstcl 44-513] HW Target shutdown. Closing target: localhost:3121/xilinx_tcf/Digilent/210183756651A
INFO: [Labtoolstcl 44-466] Opening hw_target localhost:3121/xilinx_tcf/Digilent/210183756651A
INFO: [Labtools 27-1435] Device xc7a35t (JTAG device index = 0) is not programmed (DONE status = 0).
WARNING: [Labtoolstcl 44-129] No matching hw_ila_data was found.
set_property PROBES.FILE {} [get_hw_devices xc7a35t_0]
set_property FULL_PROBES.FILE {} [get_hw_devices xc7a35t_0]
set_property PROGRAM.FILE {D:/Projects/parking_system/parking_system.runs/impl_1/parking_system.bit} [get_hw_devices xc7a35t_0]
program_hw_devices [get_hw_devices xc7a35t_0]
INFO: [Labtools 27-3164] End of startup status: HIGH
refresh_hw_device [lindex [get_hw_devices xc7a35t_0] 0]
INFO: [Labtools 27-1434] Device xc7a35t (JTAG device index = 0) is programmed with a design that has no supported debug core(s) in it.
reset_run synth_1
INFO: [Project 1-1161] Replacing file D:/Projects/parking_system/parking_system.srcs/utils_1/imports/synth_1/parking_system.dcp with file D:/Projects/parking_system/parking_system.runs/synth_1/parking_system.dcp
WARNING: [Vivado 12-1017] Problems encountered:
1. Failed to delete one or more files in run directory D:/Projects/parking_system/parking_system.runs/synth_1

launch_runs synth_1 -jobs 8
[Fri Apr 10 14:53:26 2026] Launched synth_1...
Run output will be captured here: D:/Projects/parking_system/parking_system.runs/synth_1/runme.log
launch_runs impl_1 -jobs 8
[Fri Apr 10 14:54:20 2026] Launched impl_1...
Run output will be captured here: D:/Projects/parking_system/parking_system.runs/impl_1/runme.log
launch_runs impl_1 -to_step write_bitstream -jobs 8
[Fri Apr 10 14:55:30 2026] Launched impl_1...
Run output will be captured here: D:/Projects/parking_system/parking_system.runs/impl_1/runme.log
set_property PROBES.FILE {} [get_hw_devices xc7a35t_0]
set_property FULL_PROBES.FILE {} [get_hw_devices xc7a35t_0]
set_property PROGRAM.FILE {D:/Projects/parking_system/parking_system.runs/impl_1/parking_system.bit} [get_hw_devices xc7a35t_0]
program_hw_devices [get_hw_devices xc7a35t_0]
INFO: [Labtools 27-3164] End of startup status: HIGH
refresh_hw_device [lindex [get_hw_devices xc7a35t_0] 0]
INFO: [Labtools 27-1434] Device xc7a35t (JTAG device index = 0) is programmed with a design that has no supported debug core(s) in it.
ERROR: [Labtoolstcl 44-513] HW Target shutdown. Closing target: localhost:3121/xilinx_tcf/Digilent/210183756651A
INFO: [Labtoolstcl 44-466] Opening hw_target localhost:3121/xilinx_tcf/Digilent/210183756651A
INFO: [Labtools 27-1435] Device xc7a35t (JTAG device index = 0) is not programmed (DONE status = 0).
WARNING: [Labtoolstcl 44-129] No matching hw_ila_data was found.
set_property PROBES.FILE {} [get_hw_devices xc7a35t_0]
set_property FULL_PROBES.FILE {} [get_hw_devices xc7a35t_0]
set_property PROGRAM.FILE {D:/Projects/parking_system/parking_system.runs/impl_1/parking_system.bit} [get_hw_devices xc7a35t_0]
program_hw_devices [get_hw_devices xc7a35t_0]
INFO: [Labtools 27-3164] End of startup status: HIGH
refresh_hw_device [lindex [get_hw_devices xc7a35t_0] 0]
INFO: [Labtools 27-1434] Device xc7a35t (JTAG device index = 0) is programmed with a design that has no supported debug core(s) in it.
undo
INFO: [Common 17-17] undo 'set_property PROGRAM.FILE {D:/Projects/parking_system/parking_system.runs/impl_1/parking_system.bit} [get_hw_devices xc7a35t_0]'
ERROR: [Labtoolstcl 44-513] HW Target shutdown. Closing target: localhost:3121/xilinx_tcf/Digilent/210183756651A
INFO: [Labtoolstcl 44-466] Opening hw_target localhost:3121/xilinx_tcf/Digilent/210183756651A
INFO: [Labtools 27-1434] Device xc7a35t (JTAG device index = 0) is programmed with a design that has no supported debug core(s) in it.
WARNING: [Labtoolstcl 44-129] No matching hw_ila_data was found.
reset_run synth_1
INFO: [Project 1-1161] Replacing file D:/Projects/parking_system/parking_system.srcs/utils_1/imports/synth_1/parking_system.dcp with file D:/Projects/parking_system/parking_system.runs/synth_1/parking_system.dcp
WARNING: [Vivado 12-1017] Problems encountered:
1. Failed to delete one or more files in run directory D:/Projects/parking_system/parking_system.runs/synth_1

launch_runs synth_1 -jobs 8
[Fri Apr 10 15:21:46 2026] Launched synth_1...
Run output will be captured here: D:/Projects/parking_system/parking_system.runs/synth_1/runme.log
close_sim
INFO: [Simtcl 6-16] Simulation closed
launch_simulation
Command: launch_simulation 
INFO: [Vivado 12-12493] Simulation top is 'parking_system'
WARNING: [Vivado 12-13340] Unable to auto find GCC executables from simulator install path! (path not set)
INFO: [Vivado 12-5682] Launching behavioral simulation in 'D:/Projects/parking_system/parking_system.sim/sim_1/behav/xsim'
INFO: [SIM-utils-51] Simulation object is 'sim_1'
INFO: [SIM-utils-72] Using boost library from 'E:/vivado/Vivado/2023.1/tps/boost_1_72_0'
INFO: [SIM-utils-54] Inspecting design source files for 'parking_system' in fileset 'sim_1'...
INFO: [USF-XSim-97] Finding global include files...
INFO: [USF-XSim-98] Fetching design files from 'sim_1'...
INFO: [USF-XSim-2] XSim::Compile design
INFO: [USF-XSim-61] Executing 'COMPILE and ANALYZE' step in 'D:/Projects/parking_system/parking_system.sim/sim_1/behav/xsim'
"xvlog --incr --relax -prj parking_system_vlog.prj"
ECHO is off.
ECHO is off.
INFO: [VRFC 10-2263] Analyzing Verilog file "D:/Projects/parking_system/parking_system.srcs/control_unit.v" into library xil_defaultlib
INFO: [VRFC 10-311] analyzing module control_unit
INFO: [VRFC 10-2263] Analyzing Verilog file "D:/Projects/parking_system/parking_system.srcs/debounce.v" into library xil_defaultlib
INFO: [VRFC 10-311] analyzing module debounce
INFO: [VRFC 10-2263] Analyzing Verilog file "D:/Projects/parking_system/parking_system.srcs/parking_alu.v" into library xil_defaultlib
INFO: [VRFC 10-311] analyzing module parking_alu
INFO: [VRFC 10-2263] Analyzing Verilog file "D:/Projects/parking_system/parking_system.srcs/parking_memory.v" into library xil_defaultlib
INFO: [VRFC 10-311] analyzing module parking_memory
INFO: [VRFC 10-2263] Analyzing Verilog file "D:/Projects/parking_system/parking_system.srcs/seg7_display.v" into library xil_defaultlib
INFO: [VRFC 10-311] analyzing module seg7_display
INFO: [VRFC 10-2263] Analyzing Verilog file "D:/Projects/parking_system/parking_system.srcs/time_tracker.v" into library xil_defaultlib
INFO: [VRFC 10-311] analyzing module time_tracker
INFO: [VRFC 10-2263] Analyzing Verilog file "D:/Projects/parking_system/parking_system.srcs/parking_system.v" into library xil_defaultlib
INFO: [VRFC 10-311] analyzing module parking_system
INFO: [USF-XSim-69] 'compile' step finished in '1' seconds
INFO: [USF-XSim-3] XSim::Elaborate design
INFO: [USF-XSim-61] Executing 'ELABORATE' step in 'D:/Projects/parking_system/parking_system.sim/sim_1/behav/xsim'
"xelab --incr --debug typical --relax --mt 2 -L xil_defaultlib -L unisims_ver -L unimacro_ver -L secureip --snapshot parking_system_behav xil_defaultlib.parking_system xil_defaultlib.glbl -log elaborate.log"
ECHO is off.
ECHO is off.
Vivado Simulator v2023.1
Copyright 1986-2022 Xilinx, Inc. All Rights Reserved.
Copyright 2022-2023 Advanced Micro Devices, Inc. All Rights Reserved.
Running: E:/vivado/Vivado/2023.1/bin/unwrapped/win64.o/xelab.exe --incr --debug typical --relax --mt 2 -L xil_defaultlib -L unisims_ver -L unimacro_ver -L secureip --snapshot parking_system_behav xil_defaultlib.parking_system xil_defaultlib.glbl -log elaborate.log 
Using 2 slave threads.
Starting static elaboration
Pass Through NonSizing Optimizer
Completed static elaboration
Starting simulation data flow analysis
Completed simulation data flow analysis
Time Resolution for simulation is 1ps
Compiling module xil_defaultlib.debounce
Compiling module xil_defaultlib.time_tracker_default
Compiling module xil_defaultlib.parking_alu
Compiling module xil_defaultlib.parking_memory_default
Compiling module xil_defaultlib.control_unit(EMPTY_ID=4'b1111)
Compiling module xil_defaultlib.seg7_display_default
Compiling module xil_defaultlib.parking_system
Compiling module xil_defaultlib.glbl
Built simulation snapshot parking_system_behav
run_program: Time (s): cpu = 00:00:00 ; elapsed = 00:00:06 . Memory (MB): peak = 3349.250 ; gain = 0.000
INFO: [USF-XSim-69] 'elaborate' step finished in '6' seconds
INFO: [USF-XSim-4] XSim::Simulate design
INFO: [USF-XSim-61] Executing 'SIMULATE' step in 'D:/Projects/parking_system/parking_system.sim/sim_1/behav/xsim'
INFO: [USF-XSim-98] *** Running xsim
   with args "parking_system_behav -key {Behavioral:sim_1:Functional:parking_system} -tclbatch {parking_system.tcl} -log {simulate.log}"
INFO: [USF-XSim-8] Loading simulator feature
Time resolution is 1 ps
source parking_system.tcl
# set curr_wave [current_wave_config]
# if { [string length $curr_wave] == 0 } {
#   if { [llength [get_objects]] > 0} {
#     add_wave /
#     set_property needs_save false [current_wave_config]
#   } else {
#      send_msg_id Add_Wave-1 WARNING "No top level signals found. Simulator will start without a wave window. If you want to open a wave window go to 'File->New Waveform Configuration' or type 'create_wave_config' in the TCL console."
#   }
# }
# run 1000ns
INFO: [USF-XSim-96] XSim completed. Design snapshot 'parking_system_behav' loaded.
INFO: [USF-XSim-97] XSim simulation ran for 1000ns
launch_simulation: Time (s): cpu = 00:00:02 ; elapsed = 00:00:11 . Memory (MB): peak = 3350.027 ; gain = 0.777
reset_run synth_1
WARNING: [Vivado 12-1017] Problems encountered:
1. Failed to delete one or more files in run directory D:/Projects/parking_system/parking_system.runs/synth_1

launch_runs synth_1 -jobs 8
[Fri Apr 10 15:23:29 2026] Launched synth_1...
Run output will be captured here: D:/Projects/parking_system/parking_system.runs/synth_1/runme.log
launch_runs impl_1 -jobs 8
[Fri Apr 10 15:24:22 2026] Launched impl_1...
Run output will be captured here: D:/Projects/parking_system/parking_system.runs/impl_1/runme.log
launch_runs impl_1 -to_step write_bitstream -jobs 8
[Fri Apr 10 15:25:28 2026] Launched impl_1...
Run output will be captured here: D:/Projects/parking_system/parking_system.runs/impl_1/runme.log
set_property PROBES.FILE {} [get_hw_devices xc7a35t_0]
set_property FULL_PROBES.FILE {} [get_hw_devices xc7a35t_0]
set_property PROGRAM.FILE {D:/Projects/parking_system/parking_system.runs/impl_1/parking_system.bit} [get_hw_devices xc7a35t_0]
program_hw_devices [get_hw_devices xc7a35t_0]
INFO: [Labtools 27-3164] End of startup status: HIGH
refresh_hw_device [lindex [get_hw_devices xc7a35t_0] 0]
INFO: [Labtools 27-1434] Device xc7a35t (JTAG device index = 0) is programmed with a design that has no supported debug core(s) in it.
ERROR: [Labtoolstcl 44-513] HW Target shutdown. Closing target: localhost:3121/xilinx_tcf/Digilent/210183756651A
reset_run synth_1
INFO: [Project 1-1161] Replacing file D:/Projects/parking_system/parking_system.srcs/utils_1/imports/synth_1/parking_system.dcp with file D:/Projects/parking_system/parking_system.runs/synth_1/parking_system.dcp
WARNING: [Vivado 12-1017] Problems encountered:
1. Failed to delete one or more files in run directory D:/Projects/parking_system/parking_system.runs/synth_1

launch_runs synth_1 -jobs 8
[Fri Apr 10 15:42:56 2026] Launched synth_1...
Run output will be captured here: D:/Projects/parking_system/parking_system.runs/synth_1/runme.log
launch_runs impl_1 -jobs 8
[Fri Apr 10 15:43:56 2026] Launched impl_1...
Run output will be captured here: D:/Projects/parking_system/parking_system.runs/impl_1/runme.log
launch_runs impl_1 -to_step write_bitstream -jobs 8
[Fri Apr 10 15:45:11 2026] Launched impl_1...
Run output will be captured here: D:/Projects/parking_system/parking_system.runs/impl_1/runme.log
INFO: [Labtoolstcl 44-466] Opening hw_target localhost:3121/xilinx_tcf/Digilent/210183756651A
INFO: [Labtools 27-1435] Device xc7a35t (JTAG device index = 0) is not programmed (DONE status = 0).
WARNING: [Labtoolstcl 44-129] No matching hw_ila_data was found.
set_property PROBES.FILE {} [get_hw_devices xc7a35t_0]
set_property FULL_PROBES.FILE {} [get_hw_devices xc7a35t_0]
set_property PROGRAM.FILE {D:/Projects/parking_system/parking_system.runs/impl_1/parking_system.bit} [get_hw_devices xc7a35t_0]
program_hw_devices [get_hw_devices xc7a35t_0]
INFO: [Labtools 27-3164] End of startup status: HIGH
refresh_hw_device [lindex [get_hw_devices xc7a35t_0] 0]
INFO: [Labtools 27-1434] Device xc7a35t (JTAG device index = 0) is programmed with a design that has no supported debug core(s) in it.
