
*** Running vivado
    with args -log parking_system.vds -m64 -product Vivado -mode batch -messageDb vivado.pb -notrace -source parking_system.tcl


ECHO is off.
ECHO is off.

****** Vivado v2023.1 (64-bit)
  **** SW Build 3865809 on Sun May  7 15:05:29 MDT 2023
  **** IP Build 3864474 on Sun May  7 20:36:21 MDT 2023
  **** SharedData Build 3865790 on Sun May 07 13:33:03 MDT 2023
    ** Copyright 1986-2022 Xilinx, Inc. All Rights Reserved.
    ** Copyright 2022-2023 Advanced Micro Devices, Inc. All Rights Reserved.

source parking_system.tcl -notrace
create_project: Time (s): cpu = 00:00:06 ; elapsed = 00:00:06 . Memory (MB): peak = 432.461 ; gain = 163.102
Command: read_checkpoint -auto_incremental -incremental D:/Projects/parking_system/parking_system.srcs/utils_1/imports/synth_1/parking_system.dcp
INFO: [Vivado 12-5825] Read reference checkpoint from D:/Projects/parking_system/parking_system.srcs/utils_1/imports/synth_1/parking_system.dcp for incremental synthesis
INFO: [Vivado 12-7989] Please ensure there are no constraint changes
Command: synth_design -top parking_system -part xc7a35ticpg236-1L
Starting synth_design
Attempting to get a license for feature 'Synthesis' and/or device 'xc7a35ti'
INFO: [Common 17-349] Got license for feature 'Synthesis' and/or device 'xc7a35ti'
INFO: [Device 21-403] Loading part xc7a35ticpg236-1L
INFO: [Designutils 20-5440] No compile time benefit to using incremental synthesis; A full resynthesis will be run
INFO: [Designutils 20-4379] Flow is switching to default flow due to incremental criteria not met. If you would like to alter this behaviour and have the flow terminate instead, please set the following parameter config_implementation {autoIncr.Synth.RejectBehavior Terminate}
INFO: [Synth 8-7079] Multithreading enabled for synth_design using a maximum of 2 processes.
INFO: [Synth 8-7078] Launching helper process for spawning children vivado processes
INFO: [Synth 8-7075] Helper process launched with PID 2180
---------------------------------------------------------------------------------
Starting RTL Elaboration : Time (s): cpu = 00:00:04 ; elapsed = 00:00:05 . Memory (MB): peak = 1250.402 ; gain = 412.570
---------------------------------------------------------------------------------
INFO: [Synth 8-6157] synthesizing module 'parking_system' [D:/Projects/parking_system/parking_system.srcs/parking_system.v:54]
INFO: [Synth 8-6157] synthesizing module 'debounce' [D:/Projects/parking_system/parking_system.srcs/debounce.v:18]
	Parameter DEBOUNCE_BITS bound to: 20 - type: integer 
INFO: [Synth 8-6155] done synthesizing module 'debounce' (0#1) [D:/Projects/parking_system/parking_system.srcs/debounce.v:18]
INFO: [Synth 8-6157] synthesizing module 'time_tracker' [D:/Projects/parking_system/parking_system.srcs/time_tracker.v:25]
	Parameter CLK_FREQ bound to: 100000000 - type: integer 
	Parameter TICK_DIV bound to: 1000000000 - type: integer 
	Parameter NUM_CARS bound to: 16 - type: integer 
	Parameter ID_BITS bound to: 4 - type: integer 
INFO: [Synth 8-6155] done synthesizing module 'time_tracker' (0#1) [D:/Projects/parking_system/parking_system.srcs/time_tracker.v:25]
INFO: [Synth 8-6157] synthesizing module 'parking_alu' [D:/Projects/parking_system/parking_system.srcs/parking_alu.v:9]
	Parameter NUM_SLOTS bound to: 8 - type: integer 
	Parameter SLOT_BITS bound to: 3 - type: integer 
	Parameter RATE bound to: 16'b0000000000000001 
INFO: [Synth 8-6155] done synthesizing module 'parking_alu' (0#1) [D:/Projects/parking_system/parking_system.srcs/parking_alu.v:9]
INFO: [Synth 8-6157] synthesizing module 'parking_memory' [D:/Projects/parking_system/parking_system.srcs/parking_memory.v:28]
	Parameter NUM_SLOTS bound to: 8 - type: integer 
	Parameter NUM_CARS bound to: 16 - type: integer 
	Parameter ID_BITS bound to: 4 - type: integer 
	Parameter SLOT_BITS bound to: 3 - type: integer 
INFO: [Synth 8-6155] done synthesizing module 'parking_memory' (0#1) [D:/Projects/parking_system/parking_system.srcs/parking_memory.v:28]
INFO: [Synth 8-6157] synthesizing module 'control_unit' [D:/Projects/parking_system/parking_system.srcs/control_unit.v:77]
	Parameter NUM_SLOTS bound to: 8 - type: integer 
	Parameter NUM_CARS bound to: 16 - type: integer 
	Parameter ID_BITS bound to: 4 - type: integer 
	Parameter SLOT_BITS bound to: 3 - type: integer 
	Parameter EMPTY_ID bound to: 4'b1111 
INFO: [Synth 8-6155] done synthesizing module 'control_unit' (0#1) [D:/Projects/parking_system/parking_system.srcs/control_unit.v:77]
INFO: [Synth 8-6157] synthesizing module 'seg7_display' [D:/Projects/parking_system/parking_system.srcs/seg7_display.v:40]
	Parameter CLK_FREQ bound to: 100000000 - type: integer 
	Parameter REFRESH_HZ bound to: 1000 - type: integer 
	Parameter NUM_SLOTS bound to: 8 - type: integer 
INFO: [Synth 8-226] default block is never used [D:/Projects/parking_system/parking_system.srcs/seg7_display.v:200]
INFO: [Synth 8-226] default block is never used [D:/Projects/parking_system/parking_system.srcs/seg7_display.v:201]
INFO: [Synth 8-226] default block is never used [D:/Projects/parking_system/parking_system.srcs/seg7_display.v:208]
INFO: [Synth 8-226] default block is never used [D:/Projects/parking_system/parking_system.srcs/seg7_display.v:215]
INFO: [Synth 8-226] default block is never used [D:/Projects/parking_system/parking_system.srcs/seg7_display.v:222]
INFO: [Synth 8-226] default block is never used [D:/Projects/parking_system/parking_system.srcs/seg7_display.v:266]
INFO: [Synth 8-6155] done synthesizing module 'seg7_display' (0#1) [D:/Projects/parking_system/parking_system.srcs/seg7_display.v:40]
INFO: [Synth 8-6155] done synthesizing module 'parking_system' (0#1) [D:/Projects/parking_system/parking_system.srcs/parking_system.v:54]
WARNING: [Synth 8-7129] Port entry_time_in[31] in module control_unit is either unconnected or has no load
WARNING: [Synth 8-7129] Port entry_time_in[30] in module control_unit is either unconnected or has no load
WARNING: [Synth 8-7129] Port entry_time_in[29] in module control_unit is either unconnected or has no load
WARNING: [Synth 8-7129] Port entry_time_in[28] in module control_unit is either unconnected or has no load
WARNING: [Synth 8-7129] Port entry_time_in[27] in module control_unit is either unconnected or has no load
WARNING: [Synth 8-7129] Port entry_time_in[26] in module control_unit is either unconnected or has no load
WARNING: [Synth 8-7129] Port entry_time_in[25] in module control_unit is either unconnected or has no load
WARNING: [Synth 8-7129] Port entry_time_in[24] in module control_unit is either unconnected or has no load
WARNING: [Synth 8-7129] Port entry_time_in[23] in module control_unit is either unconnected or has no load
WARNING: [Synth 8-7129] Port entry_time_in[22] in module control_unit is either unconnected or has no load
WARNING: [Synth 8-7129] Port entry_time_in[21] in module control_unit is either unconnected or has no load
WARNING: [Synth 8-7129] Port entry_time_in[20] in module control_unit is either unconnected or has no load
WARNING: [Synth 8-7129] Port entry_time_in[19] in module control_unit is either unconnected or has no load
WARNING: [Synth 8-7129] Port entry_time_in[18] in module control_unit is either unconnected or has no load
WARNING: [Synth 8-7129] Port entry_time_in[17] in module control_unit is either unconnected or has no load
WARNING: [Synth 8-7129] Port entry_time_in[16] in module control_unit is either unconnected or has no load
WARNING: [Synth 8-7129] Port entry_time_in[15] in module control_unit is either unconnected or has no load
WARNING: [Synth 8-7129] Port entry_time_in[14] in module control_unit is either unconnected or has no load
WARNING: [Synth 8-7129] Port entry_time_in[13] in module control_unit is either unconnected or has no load
WARNING: [Synth 8-7129] Port entry_time_in[12] in module control_unit is either unconnected or has no load
WARNING: [Synth 8-7129] Port entry_time_in[11] in module control_unit is either unconnected or has no load
WARNING: [Synth 8-7129] Port entry_time_in[10] in module control_unit is either unconnected or has no load
WARNING: [Synth 8-7129] Port entry_time_in[9] in module control_unit is either unconnected or has no load
WARNING: [Synth 8-7129] Port entry_time_in[8] in module control_unit is either unconnected or has no load
WARNING: [Synth 8-7129] Port entry_time_in[7] in module control_unit is either unconnected or has no load
WARNING: [Synth 8-7129] Port entry_time_in[6] in module control_unit is either unconnected or has no load
WARNING: [Synth 8-7129] Port entry_time_in[5] in module control_unit is either unconnected or has no load
WARNING: [Synth 8-7129] Port entry_time_in[4] in module control_unit is either unconnected or has no load
WARNING: [Synth 8-7129] Port entry_time_in[3] in module control_unit is either unconnected or has no load
WARNING: [Synth 8-7129] Port entry_time_in[2] in module control_unit is either unconnected or has no load
WARNING: [Synth 8-7129] Port entry_time_in[1] in module control_unit is either unconnected or has no load
WARNING: [Synth 8-7129] Port entry_time_in[0] in module control_unit is either unconnected or has no load
---------------------------------------------------------------------------------
Finished RTL Elaboration : Time (s): cpu = 00:00:06 ; elapsed = 00:00:07 . Memory (MB): peak = 1366.227 ; gain = 528.395
---------------------------------------------------------------------------------
---------------------------------------------------------------------------------
Start Handling Custom Attributes
---------------------------------------------------------------------------------
---------------------------------------------------------------------------------
Finished Handling Custom Attributes : Time (s): cpu = 00:00:06 ; elapsed = 00:00:07 . Memory (MB): peak = 1366.227 ; gain = 528.395
---------------------------------------------------------------------------------
---------------------------------------------------------------------------------
Finished RTL Optimization Phase 1 : Time (s): cpu = 00:00:06 ; elapsed = 00:00:07 . Memory (MB): peak = 1366.227 ; gain = 528.395
---------------------------------------------------------------------------------
Netlist sorting complete. Time (s): cpu = 00:00:00 ; elapsed = 00:00:00.031 . Memory (MB): peak = 1366.227 ; gain = 0.000
INFO: [Project 1-570] Preparing netlist for logic optimization

Processing XDC Constraints
Initializing timing engine
Parsing XDC File [D:/Projects/parking_system/parking_system.srcs/parking_system.xdc]
Finished Parsing XDC File [D:/Projects/parking_system/parking_system.srcs/parking_system.xdc]
INFO: [Project 1-236] Implementation specific constraints were found while reading constraint file [D:/Projects/parking_system/parking_system.srcs/parking_system.xdc]. These constraints will be ignored for synthesis but will be used in implementation. Impacted constraints are listed in the file [.Xil/parking_system_propImpl.xdc].
Resolution: To avoid this warning, move constraints listed in [.Xil/parking_system_propImpl.xdc] to another XDC file and exclude this new file from synthesis with the used_in_synthesis property (File Properties dialog in GUI) and re-run elaboration/synthesis.
Completed Processing XDC Constraints

Netlist sorting complete. Time (s): cpu = 00:00:00 ; elapsed = 00:00:00.001 . Memory (MB): peak = 1477.445 ; gain = 0.000
INFO: [Project 1-111] Unisim Transformation Summary:
No Unisim elements were transformed.

Constraint Validation Runtime : Time (s): cpu = 00:00:00 ; elapsed = 00:00:00.012 . Memory (MB): peak = 1477.445 ; gain = 0.000
INFO: [Designutils 20-5440] No compile time benefit to using incremental synthesis; A full resynthesis will be run
INFO: [Designutils 20-4379] Flow is switching to default flow due to incremental criteria not met. If you would like to alter this behaviour and have the flow terminate instead, please set the following parameter config_implementation {autoIncr.Synth.RejectBehavior Terminate}
---------------------------------------------------------------------------------
Finished Constraint Validation : Time (s): cpu = 00:00:12 ; elapsed = 00:00:14 . Memory (MB): peak = 1477.445 ; gain = 639.613
---------------------------------------------------------------------------------
---------------------------------------------------------------------------------
Start Loading Part and Timing Information
---------------------------------------------------------------------------------
Loading part: xc7a35ticpg236-1L
---------------------------------------------------------------------------------
Finished Loading Part and Timing Information : Time (s): cpu = 00:00:12 ; elapsed = 00:00:14 . Memory (MB): peak = 1477.445 ; gain = 639.613
---------------------------------------------------------------------------------
---------------------------------------------------------------------------------
Start Applying 'set_property' XDC Constraints
---------------------------------------------------------------------------------
---------------------------------------------------------------------------------
Finished applying 'set_property' XDC Constraints : Time (s): cpu = 00:00:12 ; elapsed = 00:00:14 . Memory (MB): peak = 1477.445 ; gain = 639.613
---------------------------------------------------------------------------------
INFO: [Synth 8-802] inferred FSM for state register 'state_reg' in module 'control_unit'
---------------------------------------------------------------------------------------------------
                   State |                     New Encoding |                Previous Encoding 
---------------------------------------------------------------------------------------------------
                  S_IDLE |                             0000 |                             0000
               S_READ_ID |                             0001 |                             0001
           S_CHECK_ENTRY |                             0010 |                             0010
            S_CHECK_FULL |                             0011 |                             0011
             S_FIND_SLOT |                             0100 |                             0100
           S_ASSIGN_SLOT |                             0101 |                             0101
           S_START_TIMER |                             0110 |                             0110
          S_EXIT_REQUEST |                             0111 |                             1000
            S_CHECK_EXIT |                             1000 |                             1001
                 S_ERROR |                             1001 |                             1110
         S_CALC_DURATION |                             1010 |                             1010
              S_CALC_FEE |                             1011 |                             1011
          S_WAIT_PAYMENT |                             1100 |                             1100
             S_FREE_SLOT |                             1101 |                             1101
---------------------------------------------------------------------------------------------------
INFO: [Synth 8-3354] encoded FSM with state register 'state_reg' using encoding 'sequential' in module 'control_unit'
---------------------------------------------------------------------------------
Finished RTL Optimization Phase 2 : Time (s): cpu = 00:00:13 ; elapsed = 00:00:15 . Memory (MB): peak = 1477.445 ; gain = 639.613
---------------------------------------------------------------------------------
---------------------------------------------------------------------------------
Start RTL Component Statistics 
---------------------------------------------------------------------------------
Detailed RTL Component Info : 
+---Adders : 
	   3 Input   32 Bit       Adders := 1     
	   2 Input   30 Bit       Adders := 1     
	   2 Input   20 Bit       Adders := 3     
	   2 Input   15 Bit       Adders := 1     
	   8 Input    4 Bit       Adders := 2     
	   2 Input    4 Bit       Adders := 168   
	   2 Input    3 Bit       Adders := 56    
	   2 Input    2 Bit       Adders := 2     
+---Registers : 
	               32 Bit    Registers := 16    
	               30 Bit    Registers := 61    
	               20 Bit    Registers := 3     
	               16 Bit    Registers := 6     
	               15 Bit    Registers := 1     
	                8 Bit    Registers := 1     
	                7 Bit    Registers := 1     
	                4 Bit    Registers := 19    
	                3 Bit    Registers := 21    
	                2 Bit    Registers := 3     
	                1 Bit    Registers := 39    
+---Muxes : 
	   2 Input   30 Bit        Muxes := 1     
	   2 Input   20 Bit        Muxes := 6     
	   2 Input   15 Bit        Muxes := 1     
	   2 Input   14 Bit        Muxes := 2     
	   2 Input    4 Bit        Muxes := 177   
	  14 Input    4 Bit        Muxes := 4     
	   4 Input    4 Bit        Muxes := 6     
	   2 Input    3 Bit        Muxes := 60    
	   5 Input    3 Bit        Muxes := 1     
	   3 Input    3 Bit        Muxes := 1     
	  14 Input    3 Bit        Muxes := 1     
	   2 Input    2 Bit        Muxes := 2     
	  14 Input    2 Bit        Muxes := 1     
	   2 Input    1 Bit        Muxes := 100   
	   6 Input    1 Bit        Muxes := 5     
	  14 Input    1 Bit        Muxes := 18    
---------------------------------------------------------------------------------
Finished RTL Component Statistics 
---------------------------------------------------------------------------------
---------------------------------------------------------------------------------
Start Part Resource Summary
---------------------------------------------------------------------------------
Part Resources:
DSPs: 90 (col length:60)
BRAMs: 100 (col length: RAMB18 60 RAMB36 30)
---------------------------------------------------------------------------------
Finished Part Resource Summary
---------------------------------------------------------------------------------
---------------------------------------------------------------------------------
Start Cross Boundary and Area Optimization
---------------------------------------------------------------------------------
WARNING: [Synth 8-7080] Parallel synthesis criteria is not met
WARNING: [Synth 8-7129] Port entry_time_in[31] in module control_unit is either unconnected or has no load
WARNING: [Synth 8-7129] Port entry_time_in[30] in module control_unit is either unconnected or has no load
WARNING: [Synth 8-7129] Port entry_time_in[29] in module control_unit is either unconnected or has no load
WARNING: [Synth 8-7129] Port entry_time_in[28] in module control_unit is either unconnected or has no load
WARNING: [Synth 8-7129] Port entry_time_in[27] in module control_unit is either unconnected or has no load
WARNING: [Synth 8-7129] Port entry_time_in[26] in module control_unit is either unconnected or has no load
WARNING: [Synth 8-7129] Port entry_time_in[25] in module control_unit is either unconnected or has no load
WARNING: [Synth 8-7129] Port entry_time_in[24] in module control_unit is either unconnected or has no load
WARNING: [Synth 8-7129] Port entry_time_in[23] in module control_unit is either unconnected or has no load
WARNING: [Synth 8-7129] Port entry_time_in[22] in module control_unit is either unconnected or has no load
WARNING: [Synth 8-7129] Port entry_time_in[21] in module control_unit is either unconnected or has no load
WARNING: [Synth 8-7129] Port entry_time_in[20] in module control_unit is either unconnected or has no load
WARNING: [Synth 8-7129] Port entry_time_in[19] in module control_unit is either unconnected or has no load
WARNING: [Synth 8-7129] Port entry_time_in[18] in module control_unit is either unconnected or has no load
WARNING: [Synth 8-7129] Port entry_time_in[17] in module control_unit is either unconnected or has no load
WARNING: [Synth 8-7129] Port entry_time_in[16] in module control_unit is either unconnected or has no load
WARNING: [Synth 8-7129] Port entry_time_in[15] in module control_unit is either unconnected or has no load
WARNING: [Synth 8-7129] Port entry_time_in[14] in module control_unit is either unconnected or has no load
WARNING: [Synth 8-7129] Port entry_time_in[13] in module control_unit is either unconnected or has no load
WARNING: [Synth 8-7129] Port entry_time_in[12] in module control_unit is either unconnected or has no load
WARNING: [Synth 8-7129] Port entry_time_in[11] in module control_unit is either unconnected or has no load
WARNING: [Synth 8-7129] Port entry_time_in[10] in module control_unit is either unconnected or has no load
WARNING: [Synth 8-7129] Port entry_time_in[9] in module control_unit is either unconnected or has no load
WARNING: [Synth 8-7129] Port entry_time_in[8] in module control_unit is either unconnected or has no load
WARNING: [Synth 8-7129] Port entry_time_in[7] in module control_unit is either unconnected or has no load
WARNING: [Synth 8-7129] Port entry_time_in[6] in module control_unit is either unconnected or has no load
WARNING: [Synth 8-7129] Port entry_time_in[5] in module control_unit is either unconnected or has no load
WARNING: [Synth 8-7129] Port entry_time_in[4] in module control_unit is either unconnected or has no load
WARNING: [Synth 8-7129] Port entry_time_in[3] in module control_unit is either unconnected or has no load
WARNING: [Synth 8-7129] Port entry_time_in[2] in module control_unit is either unconnected or has no load
WARNING: [Synth 8-7129] Port entry_time_in[1] in module control_unit is either unconnected or has no load
WARNING: [Synth 8-7129] Port entry_time_in[0] in module control_unit is either unconnected or has no load
---------------------------------------------------------------------------------
Finished Cross Boundary and Area Optimization : Time (s): cpu = 00:00:19 ; elapsed = 00:00:21 . Memory (MB): peak = 1477.445 ; gain = 639.613
---------------------------------------------------------------------------------
---------------------------------------------------------------------------------
Start Applying XDC Timing Constraints
---------------------------------------------------------------------------------
---------------------------------------------------------------------------------
Finished Applying XDC Timing Constraints : Time (s): cpu = 00:00:23 ; elapsed = 00:00:26 . Memory (MB): peak = 1477.445 ; gain = 639.613
---------------------------------------------------------------------------------
---------------------------------------------------------------------------------
Start Timing Optimization
---------------------------------------------------------------------------------
---------------------------------------------------------------------------------
Finished Timing Optimization : Time (s): cpu = 00:00:24 ; elapsed = 00:00:26 . Memory (MB): peak = 1477.445 ; gain = 639.613
---------------------------------------------------------------------------------
---------------------------------------------------------------------------------
Start Technology Mapping
---------------------------------------------------------------------------------
---------------------------------------------------------------------------------
Finished Technology Mapping : Time (s): cpu = 00:00:24 ; elapsed = 00:00:27 . Memory (MB): peak = 1477.445 ; gain = 639.613
---------------------------------------------------------------------------------
---------------------------------------------------------------------------------
Start IO Insertion
---------------------------------------------------------------------------------
---------------------------------------------------------------------------------
Start Flattening Before IO Insertion
---------------------------------------------------------------------------------
---------------------------------------------------------------------------------
Finished Flattening Before IO Insertion
---------------------------------------------------------------------------------
---------------------------------------------------------------------------------
Start Final Netlist Cleanup
---------------------------------------------------------------------------------
---------------------------------------------------------------------------------
Finished Final Netlist Cleanup
---------------------------------------------------------------------------------
---------------------------------------------------------------------------------
Finished IO Insertion : Time (s): cpu = 00:00:28 ; elapsed = 00:00:30 . Memory (MB): peak = 1477.445 ; gain = 639.613
---------------------------------------------------------------------------------
---------------------------------------------------------------------------------
Start Renaming Generated Instances
---------------------------------------------------------------------------------
---------------------------------------------------------------------------------
Finished Renaming Generated Instances : Time (s): cpu = 00:00:28 ; elapsed = 00:00:30 . Memory (MB): peak = 1477.445 ; gain = 639.613
---------------------------------------------------------------------------------
---------------------------------------------------------------------------------
Start Rebuilding User Hierarchy
---------------------------------------------------------------------------------
---------------------------------------------------------------------------------
Finished Rebuilding User Hierarchy : Time (s): cpu = 00:00:28 ; elapsed = 00:00:30 . Memory (MB): peak = 1477.445 ; gain = 639.613
---------------------------------------------------------------------------------
---------------------------------------------------------------------------------
Start Renaming Generated Ports
---------------------------------------------------------------------------------
---------------------------------------------------------------------------------
Finished Renaming Generated Ports : Time (s): cpu = 00:00:28 ; elapsed = 00:00:30 . Memory (MB): peak = 1477.445 ; gain = 639.613
---------------------------------------------------------------------------------
---------------------------------------------------------------------------------
Start Handling Custom Attributes
---------------------------------------------------------------------------------
---------------------------------------------------------------------------------
Finished Handling Custom Attributes : Time (s): cpu = 00:00:28 ; elapsed = 00:00:30 . Memory (MB): peak = 1477.445 ; gain = 639.613
---------------------------------------------------------------------------------
---------------------------------------------------------------------------------
Start Renaming Generated Nets
---------------------------------------------------------------------------------
---------------------------------------------------------------------------------
Finished Renaming Generated Nets : Time (s): cpu = 00:00:28 ; elapsed = 00:00:30 . Memory (MB): peak = 1477.445 ; gain = 639.613
---------------------------------------------------------------------------------
---------------------------------------------------------------------------------
Start ROM, RAM, DSP, Shift Register and Retiming Reporting
---------------------------------------------------------------------------------

Static Shift Register Report:
+---------------+--------------------------------------------+--------+-------+--------------+--------------------+-------------------+--------+---------+
|Module Name    | RTL Name                                   | Length | Width | Reset Signal | Pull out first Reg | Pull out last Reg | SRL16E | SRLC32E | 
+---------------+--------------------------------------------+--------+-------+--------------+--------------------+-------------------+--------+---------+
|parking_system | u_seg/PIPE_STAGE[3].fee_pipe_reg[3][16]    | 4      | 6     | YES          | NO                 | YES               | 6      | 0       | 
|parking_system | u_seg/PIPE_STAGE[4].fee_pipe_reg[4][14]    | 5      | 2     | YES          | NO                 | YES               | 2      | 0       | 
|parking_system | u_seg/PIPE_STAGE[5].fee_pipe_reg[5][14]    | 6      | 2     | YES          | NO                 | YES               | 2      | 0       | 
|parking_system | u_seg/PIPE_STAGE[6].fee_pipe_reg[6][14]    | 7      | 2     | YES          | NO                 | YES               | 2      | 0       | 
|parking_system | u_seg/PIPE_STAGE[7].fee_pipe_reg[7][14]    | 8      | 2     | YES          | NO                 | YES               | 2      | 0       | 
|parking_system | u_seg/PIPE_STAGE[8].fee_pipe_reg[8][14]    | 9      | 2     | YES          | NO                 | YES               | 2      | 0       | 
|parking_system | u_seg/PIPE_STAGE[9].fee_pipe_reg[9][14]    | 10     | 2     | YES          | NO                 | YES               | 2      | 0       | 
|parking_system | u_seg/PIPE_STAGE[10].fee_pipe_reg[10][14]  | 11     | 2     | YES          | NO                 | YES               | 2      | 0       | 
|parking_system | u_seg/PIPE_STAGE[11].fee_pipe_reg[11][14]  | 12     | 2     | YES          | NO                 | YES               | 2      | 0       | 
|parking_system | u_seg/PIPE_STAGE[12].fee_pipe_reg[12][14]  | 13     | 2     | YES          | NO                 | YES               | 2      | 0       | 
|parking_system | u_seg/PIPE_STAGE[13].fee_pipe_reg[13][14]  | 14     | 5     | YES          | NO                 | YES               | 5      | 0       | 
|parking_system | u_seg/PIPE_STAGE[14].fee_pipe_reg[14][14]  | 15     | 6     | YES          | NO                 | YES               | 6      | 0       | 
|parking_system | u_seg/PIPE_STAGE[14].free_pipe_reg[14][14] | 16     | 1     | YES          | NO                 | YES               | 1      | 0       | 
+---------------+--------------------------------------------+--------+-------+--------------+--------------------+-------------------+--------+---------+

---------------------------------------------------------------------------------
Finished ROM, RAM, DSP, Shift Register and Retiming Reporting
---------------------------------------------------------------------------------
---------------------------------------------------------------------------------
Start Writing Synthesis Report
---------------------------------------------------------------------------------

Report BlackBoxes: 
+-+--------------+----------+
| |BlackBox name |Instances |
+-+--------------+----------+
+-+--------------+----------+

Report Cell Usage: 
+------+-------+------+
|      |Cell   |Count |
+------+-------+------+
|1     |BUFG   |     1|
|2     |CARRY4 |    47|
|3     |LUT1   |     2|
|4     |LUT2   |   126|
|5     |LUT3   |    70|
|6     |LUT4   |   278|
|7     |LUT5   |   167|
|8     |LUT6   |   247|
|9     |MUXF7  |    67|
|10    |MUXF8  |    32|
|11    |SRL16E |    36|
|12    |FDCE   |  1143|
|13    |FDPE   |    37|
|14    |FDRE   |    52|
|15    |FDSE   |    16|
|16    |IBUF   |     9|
|17    |OBUF   |    19|
+------+-------+------+
---------------------------------------------------------------------------------
Finished Writing Synthesis Report : Time (s): cpu = 00:00:28 ; elapsed = 00:00:30 . Memory (MB): peak = 1477.445 ; gain = 639.613
---------------------------------------------------------------------------------
Synthesis finished with 0 errors, 0 critical warnings and 33 warnings.
Synthesis Optimization Runtime : Time (s): cpu = 00:00:20 ; elapsed = 00:00:28 . Memory (MB): peak = 1477.445 ; gain = 528.395
Synthesis Optimization Complete : Time (s): cpu = 00:00:28 ; elapsed = 00:00:30 . Memory (MB): peak = 1477.445 ; gain = 639.613
INFO: [Project 1-571] Translating synthesized netlist
Netlist sorting complete. Time (s): cpu = 00:00:00 ; elapsed = 00:00:00.015 . Memory (MB): peak = 1477.445 ; gain = 0.000
INFO: [Netlist 29-17] Analyzing 146 Unisim elements for replacement
INFO: [Netlist 29-28] Unisim Transformation completed in 0 CPU seconds
INFO: [Project 1-570] Preparing netlist for logic optimization
INFO: [Opt 31-138] Pushed 0 inverter(s) to 0 load pin(s).
Netlist sorting complete. Time (s): cpu = 00:00:00 ; elapsed = 00:00:00 . Memory (MB): peak = 1477.445 ; gain = 0.000
INFO: [Project 1-111] Unisim Transformation Summary:
No Unisim elements were transformed.

Synth Design complete | Checksum: ab93eb4f
INFO: [Common 17-83] Releasing license: Synthesis
43 Infos, 65 Warnings, 0 Critical Warnings and 0 Errors encountered.
synth_design completed successfully
synth_design: Time (s): cpu = 00:00:32 ; elapsed = 00:00:45 . Memory (MB): peak = 1477.445 ; gain = 1021.117
INFO: [Common 17-1381] The checkpoint 'D:/Projects/parking_system/parking_system.runs/synth_1/parking_system.dcp' has been generated.
INFO: [runtcl-4] Executing : report_utilization -file parking_system_utilization_synth.rpt -pb parking_system_utilization_synth.pb
INFO: [Common 17-206] Exiting Vivado at Fri Apr 10 18:35:31 2026...
